20:41:40 **** Clean-only build of configuration Debug for project matrixMultiplication ****
make clean 
make: *** No rule to make target `clean'.  Stop.
23:12:36 **** Build of configuration Debug for project addMatrix ****
make all 
make: Nothing to be done for `all'.
23:21:05 **** Clean-only build of configuration Debug for project matrixMultiplication ****
make clean 
make: *** No rule to make target `clean'.  Stop.
23:54:16 **** Build of configuration Debug for project multiplication_test ****
make all 
Building file: ../src/multiplication_test.cu
Invoking: NVCC Compiler
/usr/local/cuda-10.1/bin/nvcc -G -g -O0 -std=c++11 -gencode arch=compute_35,code=sm_35 -gencode arch=compute_75,code=sm_75  -odir "src" -M -o "src/multiplication_test.d" "../src/multiplication_test.cu"
/usr/local/cuda-10.1/bin/nvcc -G -g -O0 -std=c++11 --compile --relocatable-device-code=false -gencode arch=compute_35,code=compute_35 -gencode arch=compute_35,code=sm_35 -gencode arch=compute_75,code=sm_75  -x cu -o  "src/multiplication_test.o" "../src/multiplication_test.cu"
../src/multiplication_test.cu(25): error: identifier "colIddx" is undefined

../src/multiplication_test.cu(38): error: identifier "colIddx" is undefined

../src/multiplication_test.cu(46): error: identifier "N" is undefined

../src/multiplication_test.cu(74): error: identifier "numberOfElements" is undefined

../src/multiplication_test.cu(84): error: too few arguments in function call

../src/multiplication_test.cu(85): error: too few arguments in function call

../src/multiplication_test.cu(92): error: identifier "numberOfElements" is undefined

../src/multiplication_test.cu(107): error: identifier "numberOElementsInDim" is undefined

../src/multiplication_test.cu(107): error: identifier "NumberOfElementsInDim" is undefined

../src/multiplication_test.cu(108): error: identifier "numberOfElements" is undefined

../src/multiplication_test.cu(114): error: namespace "std" has no member "chronoduration"

../src/multiplication_test.cu(114): error: type name is not allowed

../src/multiplication_test.cu(114): error: identifier "elapsed_time" is undefined

../src/multiplication_test.cu(123): error: no operator "=" matches these operands
            operand types are: std::chrono::_V2::high_resolution_clock = std::chrono::_V2::system_clock::time_point

../src/multiplication_test.cu(125): error: argument of type "float" is incompatible with parameter of type "float *"

../src/multiplication_test.cu(125): error: argument of type "float" is incompatible with parameter of type "float *"

../src/multiplication_test.cu(125): error: argument of type "float" is incompatible with parameter of type "float *"

../src/multiplication_test.cu(125): error: argument of type "float" is incompatible with parameter of type "float *"

../src/multiplication_test.cu(129): error: argument of type "float" is incompatible with parameter of type "const float *"

../src/multiplication_test.cu(129): error: argument of type "float" is incompatible with parameter of type "float *"

../src/multiplication_test.cu(133): error: no operator "=" matches these operands
            operand types are: std::chrono::_V2::high_resolution_clock = std::chrono::_V2::system_clock::time_point

../src/multiplication_test.cu(134): error: no operator "-" matches these operands
            operand types are: std::chrono::_V2::high_resolution_clock - std::chrono::_V2::high_resolution_clock

../src/multiplication_test.cu(137): error: argument of type "float" is incompatible with parameter of type "void *"

../src/multiplication_test.cu(137): error: argument of type "float" is incompatible with parameter of type "const void *"

../src/multiplication_test.cu(137): error: too few arguments in function call

../src/multiplication_test.cu(139): error: argument of type "float *" is incompatible with parameter of type "int *"

../src/multiplication_test.cu(139): error: argument of type "float" is incompatible with parameter of type "int *"

../src/multiplication_test.cu(139): error: argument of type "float" is incompatible with parameter of type "int *"

../src/multiplication_test.cu(142): error: argument of type "float" is incompatible with parameter of type "void *"

../src/multiplication_test.cu(143): error: argument of type "float" is incompatible with parameter of type "void *"

../src/multiplication_test.cu(145): error: argument of type "float" is incompatible with parameter of type "void *"

../src/multiplication_test.cu(146): error: argument of type "float" is incompatible with parameter of type "void *"

../src/multiplication_test.cu(149): error: identifier "numberOfElemetnsInDim" is undefined

../src/multiplication_test.cu(154): error: identifier "numberOfElemetns" is undefined

../src/multiplication_test.cu(162): error: no operator "=" matches these operands
            operand types are: std::chrono::_V2::high_resolution_clock = std::chrono::_V2::system_clock::time_point

../src/multiplication_test.cu(164): error: argument of type "float" is incompatible with parameter of type "float *"

../src/multiplication_test.cu(164): error: argument of type "float" is incompatible with parameter of type "float *"

../src/multiplication_test.cu(168): error: argument of type "float" is incompatible with parameter of type "const float *"

../src/multiplication_test.cu(168): error: argument of type "float" is incompatible with parameter of type "float *"

../src/multiplication_test.cu(172): error: no operator "=" matches these operands
            operand types are: std::chrono::_V2::high_resolution_clock = std::chrono::_V2::system_clock::time_point

../src/multiplication_test.cu(173): error: no operator "-" matches these operands
            operand types are: std::chrono::_V2::high_resolution_clock - std::chrono::_V2::high_resolution_clock

../src/multiplication_test.cu(176): error: argument of type "float *" is incompatible with parameter of type "int *"

../src/multiplication_test.cu(176): error: argument of type "float" is incompatible with parameter of type "int *"

../src/multiplication_test.cu(176): error: argument of type "float" is incompatible with parameter of type "int *"

../src/multiplication_test.cu(179): error: argument of type "float" is incompatible with parameter of type "void *"

../src/multiplication_test.cu(180): error: argument of type "float" is incompatible with parameter of type "void *"

../src/multiplication_test.cu(183): error: identifier "numberOfElemetnsInDim" is undefined

../src/multiplication_test.cu(188): error: identifier "numberOfElemetns" is undefined

48 errors detected in the compilation of "/tmp/tmpxft_000016e5_00000000-7_multiplication_test.compute_75.cpp1.ii".
make: *** [src/multiplication_test.o] Error 1
23:59:59 **** Build of configuration Debug for project multiplication_test ****
make all 
Building file: ../src/multiplication_test.cu
Invoking: NVCC Compiler
/usr/local/cuda-10.1/bin/nvcc -G -g -O0 -std=c++11 -gencode arch=compute_35,code=sm_35 -gencode arch=compute_75,code=sm_75  -odir "src" -M -o "src/multiplication_test.d" "../src/multiplication_test.cu"
/usr/local/cuda-10.1/bin/nvcc -G -g -O0 -std=c++11 --compile --relocatable-device-code=false -gencode arch=compute_35,code=compute_35 -gencode arch=compute_35,code=sm_35 -gencode arch=compute_75,code=sm_75  -x cu -o  "src/multiplication_test.o" "../src/multiplication_test.cu"
../src/multiplication_test.cu(92): error: identifier "numberOfElements" is undefined

../src/multiplication_test.cu(107): error: identifier "numberOElementsInDim" is undefined

../src/multiplication_test.cu(107): error: identifier "NumberOfElementsInDim" is undefined

../src/multiplication_test.cu(108): error: identifier "numberOfElements" is undefined

../src/multiplication_test.cu(114): error: namespace "std" has no member "chronoduration"

../src/multiplication_test.cu(114): error: type name is not allowed

../src/multiplication_test.cu(114): error: identifier "elapsed_time" is undefined

../src/multiplication_test.cu(123): error: no operator "=" matches these operands
            operand types are: std::chrono::_V2::high_resolution_clock = std::chrono::_V2::system_clock::time_point

../src/multiplication_test.cu(125): error: argument of type "float" is incompatible with parameter of type "float *"

../src/multiplication_test.cu(125): error: argument of type "float" is incompatible with parameter of type "float *"

../src/multiplication_test.cu(125): error: argument of type "float" is incompatible with parameter of type "float *"

../src/multiplication_test.cu(125): error: argument of type "float" is incompatible with parameter of type "float *"

../src/multiplication_test.cu(129): error: argument of type "float" is incompatible with parameter of type "const float *"

../src/multiplication_test.cu(129): error: argument of type "float" is incompatible with parameter of type "float *"

../src/multiplication_test.cu(133): error: no operator "=" matches these operands
            operand types are: std::chrono::_V2::high_resolution_clock = std::chrono::_V2::system_clock::time_point

../src/multiplication_test.cu(134): error: no operator "-" matches these operands
            operand types are: std::chrono::_V2::high_resolution_clock - std::chrono::_V2::high_resolution_clock

../src/multiplication_test.cu(137): error: argument of type "float" is incompatible with parameter of type "void *"

../src/multiplication_test.cu(137): error: argument of type "float" is incompatible with parameter of type "const void *"

../src/multiplication_test.cu(137): error: too few arguments in function call

../src/multiplication_test.cu(139): error: argument of type "float *" is incompatible with parameter of type "int *"

../src/multiplication_test.cu(139): error: argument of type "float" is incompatible with parameter of type "int *"

../src/multiplication_test.cu(139): error: argument of type "float" is incompatible with parameter of type "int *"

../src/multiplication_test.cu(139): error: too few arguments in function call

../src/multiplication_test.cu(142): error: argument of type "float" is incompatible with parameter of type "void *"

../src/multiplication_test.cu(143): error: argument of type "float" is incompatible with parameter of type "void *"

../src/multiplication_test.cu(145): error: argument of type "float" is incompatible with parameter of type "void *"

../src/multiplication_test.cu(146): error: argument of type "float" is incompatible with parameter of type "void *"

../src/multiplication_test.cu(149): error: identifier "numberOfElemetnsInDim" is undefined

../src/multiplication_test.cu(154): error: identifier "numberOfElemetns" is undefined

../src/multiplication_test.cu(162): error: no operator "=" matches these operands
            operand types are: std::chrono::_V2::high_resolution_clock = std::chrono::_V2::system_clock::time_point

../src/multiplication_test.cu(164): error: argument of type "float" is incompatible with parameter of type "float *"

../src/multiplication_test.cu(164): error: argument of type "float" is incompatible with parameter of type "float *"

../src/multiplication_test.cu(168): error: argument of type "float" is incompatible with parameter of type "const float *"

../src/multiplication_test.cu(168): error: argument of type "float" is incompatible with parameter of type "float *"

../src/multiplication_test.cu(172): error: no operator "=" matches these operands
            operand types are: std::chrono::_V2::high_resolution_clock = std::chrono::_V2::system_clock::time_point

../src/multiplication_test.cu(173): error: no operator "-" matches these operands
            operand types are: std::chrono::_V2::high_resolution_clock - std::chrono::_V2::high_resolution_clock

../src/multiplication_test.cu(176): error: argument of type "float *" is incompatible with parameter of type "int *"

../src/multiplication_test.cu(176): error: argument of type "float" is incompatible with parameter of type "int *"

../src/multiplication_test.cu(176): error: argument of type "float" is incompatible with parameter of type "int *"

../src/multiplication_test.cu(176): error: too few arguments in function call

../src/multiplication_test.cu(179): error: argument of type "float" is incompatible with parameter of type "void *"

../src/multiplication_test.cu(180): error: argument of type "float" is incompatible with parameter of type "void *"

../src/multiplication_test.cu(183): error: identifier "numberOfElemetnsInDim" is undefined

../src/multiplication_test.cu(188): error: identifier "numberOfElemetns" is undefined

44 errors detected in the compilation of "/tmp/tmpxft_000018ab_00000000-7_multiplication_test.compute_75.cpp1.ii".
make: *** [src/multiplication_test.o] Error 1
00:05:43 **** Build of configuration Debug for project multiplication_test ****
make all 
Building file: ../src/multiplication_test.cu
Invoking: NVCC Compiler
/usr/local/cuda-10.1/bin/nvcc -G -g -O0 -std=c++11 -gencode arch=compute_35,code=sm_35 -gencode arch=compute_75,code=sm_75  -odir "src" -M -o "src/multiplication_test.d" "../src/multiplication_test.cu"
/usr/local/cuda-10.1/bin/nvcc -G -g -O0 -std=c++11 --compile --relocatable-device-code=false -gencode arch=compute_35,code=compute_35 -gencode arch=compute_35,code=sm_35 -gencode arch=compute_75,code=sm_75  -x cu -o  "src/multiplication_test.o" "../src/multiplication_test.cu"
../src/multiplication_test.cu(125): error: identifier "numberOfElements" is undefined

../src/multiplication_test.cu(135): error: no operator "+" matches these operands
            operand types are: double + std::chrono::duration<double, std::ratio<1L, 1L>>

../src/multiplication_test.cu(137): error: too few arguments in function call

../src/multiplication_test.cu(139): error: argument of type "float *" is incompatible with parameter of type "int *"

../src/multiplication_test.cu(139): error: argument of type "float *" is incompatible with parameter of type "int *"

../src/multiplication_test.cu(139): error: argument of type "float *" is incompatible with parameter of type "int *"

../src/multiplication_test.cu(139): error: too few arguments in function call

../src/multiplication_test.cu(149): error: identifier "numberOfElements" is undefined

../src/multiplication_test.cu(149): error: identifier "numberOfElemetnsInDim" is undefined

../src/multiplication_test.cu(154): error: identifier "numberOfElemetns" is undefined

../src/multiplication_test.cu(164): error: identifier "numberOfElements" is undefined

../src/multiplication_test.cu(174): error: no operator "+" matches these operands
            operand types are: double + std::chrono::duration<double, std::ratio<1L, 1L>>

../src/multiplication_test.cu(176): error: argument of type "float *" is incompatible with parameter of type "int *"

../src/multiplication_test.cu(176): error: argument of type "float *" is incompatible with parameter of type "int *"

../src/multiplication_test.cu(176): error: argument of type "float *" is incompatible with parameter of type "int *"

../src/multiplication_test.cu(176): error: too few arguments in function call

../src/multiplication_test.cu(183): error: identifier "numberOfElements" is undefined

../src/multiplication_test.cu(183): error: identifier "numberOfElemetnsInDim" is undefined

../src/multiplication_test.cu(188): error: identifier "numberOfElemetns" is undefined

19 errors detected in the compilation of "/tmp/tmpxft_00001abf_00000000-7_multiplication_test.compute_75.cpp1.ii".
make: *** [src/multiplication_test.o] Error 1
00:12:00 **** Build of configuration Debug for project multiplication_test ****
make all 
Building file: ../src/multiplication_test.cu
Invoking: NVCC Compiler
/usr/local/cuda-10.1/bin/nvcc -G -g -O0 -std=c++11 -gencode arch=compute_35,code=sm_35 -gencode arch=compute_75,code=sm_75  -odir "src" -M -o "src/multiplication_test.d" "../src/multiplication_test.cu"
/usr/local/cuda-10.1/bin/nvcc -G -g -O0 -std=c++11 --compile --relocatable-device-code=false -gencode arch=compute_35,code=compute_35 -gencode arch=compute_35,code=sm_35 -gencode arch=compute_75,code=sm_75  -x cu -o  "src/multiplication_test.o" "../src/multiplication_test.cu"
../src/multiplication_test.cu(135): error: no operator "+" matches these operands
            operand types are: double + std::chrono::duration<double, std::ratio<1L, 1L>>

../src/multiplication_test.cu(152): error: identifier "numberOfElemetnsInDim" is undefined

../src/multiplication_test.cu(153): error: identifier "numberOfElements" is undefined

../src/multiplication_test.cu(174): error: no operator "+" matches these operands
            operand types are: double + std::chrono::duration<double, std::ratio<1L, 1L>>

../src/multiplication_test.cu(186): error: identifier "numberOfElemetnsInDim" is undefined

../src/multiplication_test.cu(187): error: identifier "numberOfElements" is undefined

6 errors detected in the compilation of "/tmp/tmpxft_00001cd7_00000000-7_multiplication_test.compute_75.cpp1.ii".
make: *** [src/multiplication_test.o] Error 1
00:14:39 **** Build of configuration Debug for project multiplication_test ****
make all 
Building file: ../src/multiplication_test.cu
Invoking: NVCC Compiler
/usr/local/cuda-10.1/bin/nvcc -G -g -O0 -std=c++11 -gencode arch=compute_35,code=sm_35 -gencode arch=compute_75,code=sm_75  -odir "src" -M -o "src/multiplication_test.d" "../src/multiplication_test.cu"
/usr/local/cuda-10.1/bin/nvcc -G -g -O0 -std=c++11 --compile --relocatable-device-code=false -gencode arch=compute_35,code=compute_35 -gencode arch=compute_35,code=sm_35 -gencode arch=compute_75,code=sm_75  -x cu -o  "src/multiplication_test.o" "../src/multiplication_test.cu"
../src/multiplication_test.cu(114): warning: variable "elapsed_time" was set but never used

../src/multiplication_test.cu(114): warning: variable "elapsed_time" was set but never used

Finished building: ../src/multiplication_test.cu
 
Building target: multiplication_test
Invoking: NVCC Linker
/usr/local/cuda-10.1/bin/nvcc --cudart static --relocatable-device-code=false -gencode arch=compute_35,code=compute_35 -gencode arch=compute_35,code=sm_35 -gencode arch=compute_75,code=sm_75 -link -o  "multiplication_test"  ./src/multiplication_test.o   
Finished building target: multiplication_test
 
00:14:50 **** Incremental Build of configuration Debug for project multiplication_test ****
make all 
make: Nothing to be done for `all'.
20:25:45 **** Incremental Build of configuration Debug for project multiplication_test ****
make all 
make: Nothing to be done for `all'.
20:26:49 **** Incremental Build of configuration Debug for project multiplication_test ****
make all 
Building file: ../src/multiplication_test.cu
Invoking: NVCC Compiler
/usr/local/cuda-10.1/bin/nvcc -G -g -O0 -std=c++11 -gencode arch=compute_35,code=sm_35 -gencode arch=compute_75,code=sm_75  -odir "src" -M -o "src/multiplication_test.d" "../src/multiplication_test.cu"
/usr/local/cuda-10.1/bin/nvcc -G -g -O0 -std=c++11 --compile --relocatable-device-code=false -gencode arch=compute_35,code=compute_35 -gencode arch=compute_35,code=sm_35 -gencode arch=compute_75,code=sm_75  -x cu -o  "src/multiplication_test.o" "../src/multiplication_test.cu"
../src/multiplication_test.cu(104): warning: variable "A" was declared but never referenced

../src/multiplication_test.cu(104): warning: variable "B" was declared but never referenced

../src/multiplication_test.cu(104): warning: variable "result" was declared but never referenced

../src/multiplication_test.cu(114): warning: variable "elapsed_time" was set but never used

../src/multiplication_test.cu(104): warning: variable "A" was declared but never referenced

../src/multiplication_test.cu(104): warning: variable "B" was declared but never referenced

../src/multiplication_test.cu(104): warning: variable "result" was declared but never referenced

../src/multiplication_test.cu(114): warning: variable "elapsed_time" was set but never used

Finished building: ../src/multiplication_test.cu
 
Building target: multiplication_test
Invoking: NVCC Linker
/usr/local/cuda-10.1/bin/nvcc --cudart static --relocatable-device-code=false -gencode arch=compute_35,code=compute_35 -gencode arch=compute_35,code=sm_35 -gencode arch=compute_75,code=sm_75 -link -o  "multiplication_test"  ./src/multiplication_test.o   
Finished building target: multiplication_test
 
20:29:36 **** Incremental Build of configuration Debug for project multiplication_test ****
make all 
make: Nothing to be done for `all'.
20:30:25 **** Incremental Build of configuration Debug for project multiplication_test ****
make all 
make: Nothing to be done for `all'.
20:30:49 **** Incremental Build of configuration Debug for project multiplication_test ****
make all 
make: Nothing to be done for `all'.
20:38:33 **** Incremental Build of configuration Debug for project multiplication_test ****
make all 
make: Nothing to be done for `all'.
20:42:42 **** Incremental Build of configuration Debug for project multiplication_test ****
make all 
Building file: ../src/multiplication_test.cu
Invoking: NVCC Compiler
/usr/local/cuda-10.1/bin/nvcc -G -g -O0 -std=c++11 -gencode arch=compute_35,code=sm_35 -gencode arch=compute_75,code=sm_75  -odir "src" -M -o "src/multiplication_test.d" "../src/multiplication_test.cu"
/usr/local/cuda-10.1/bin/nvcc -G -g -O0 -std=c++11 --compile --relocatable-device-code=false -gencode arch=compute_35,code=compute_35 -gencode arch=compute_35,code=sm_35 -gencode arch=compute_75,code=sm_75  -x cu -o  "src/multiplication_test.o" "../src/multiplication_test.cu"
../src/multiplication_test.cu(101): warning: variable "h_A" was declared but never referenced

../src/multiplication_test.cu(101): warning: variable "h_B" was declared but never referenced

../src/multiplication_test.cu(101): warning: variable "h_result" was declared but never referenced

../src/multiplication_test.cu(102): warning: variable "d_A" was declared but never referenced

../src/multiplication_test.cu(102): warning: variable "d_B" was declared but never referenced

../src/multiplication_test.cu(102): warning: variable "d_result" was declared but never referenced

../src/multiplication_test.cu(114): warning: variable "elapsed_time" was set but never used

../src/multiplication_test.cu(101): warning: variable "h_A" was declared but never referenced

../src/multiplication_test.cu(101): warning: variable "h_B" was declared but never referenced

../src/multiplication_test.cu(101): warning: variable "h_result" was declared but never referenced

../src/multiplication_test.cu(102): warning: variable "d_A" was declared but never referenced

../src/multiplication_test.cu(102): warning: variable "d_B" was declared but never referenced

../src/multiplication_test.cu(102): warning: variable "d_result" was declared but never referenced

../src/multiplication_test.cu(114): warning: variable "elapsed_time" was set but never used

Finished building: ../src/multiplication_test.cu
 
Building target: multiplication_test
Invoking: NVCC Linker
/usr/local/cuda-10.1/bin/nvcc --cudart static --relocatable-device-code=false -gencode arch=compute_35,code=compute_35 -gencode arch=compute_35,code=sm_35 -gencode arch=compute_75,code=sm_75 -link -o  "multiplication_test"  ./src/multiplication_test.o   
Finished building target: multiplication_test
 
20:44:29 **** Incremental Build of configuration Debug for project multiplication_test ****
make all 
Building file: ../src/multiplication_test.cu
Invoking: NVCC Compiler
/usr/local/cuda-10.1/bin/nvcc -G -g -O0 -std=c++11 -gencode arch=compute_35,code=sm_35 -gencode arch=compute_75,code=sm_75  -odir "src" -M -o "src/multiplication_test.d" "../src/multiplication_test.cu"
/usr/local/cuda-10.1/bin/nvcc -G -g -O0 -std=c++11 --compile --relocatable-device-code=false -gencode arch=compute_35,code=compute_35 -gencode arch=compute_35,code=sm_35 -gencode arch=compute_75,code=sm_75  -x cu -o  "src/multiplication_test.o" "../src/multiplication_test.cu"
../src/multiplication_test.cu(101): warning: variable "h_A" was declared but never referenced

../src/multiplication_test.cu(101): warning: variable "h_B" was declared but never referenced

../src/multiplication_test.cu(101): warning: variable "h_result" was declared but never referenced

../src/multiplication_test.cu(102): warning: variable "d_A" was declared but never referenced

../src/multiplication_test.cu(102): warning: variable "d_B" was declared but never referenced

../src/multiplication_test.cu(102): warning: variable "d_result" was declared but never referenced

../src/multiplication_test.cu(114): warning: variable "elapsed_time" was set but never used

../src/multiplication_test.cu(101): warning: variable "h_A" was declared but never referenced

../src/multiplication_test.cu(101): warning: variable "h_B" was declared but never referenced

../src/multiplication_test.cu(101): warning: variable "h_result" was declared but never referenced

../src/multiplication_test.cu(102): warning: variable "d_A" was declared but never referenced

../src/multiplication_test.cu(102): warning: variable "d_B" was declared but never referenced

../src/multiplication_test.cu(102): warning: variable "d_result" was declared but never referenced

../src/multiplication_test.cu(114): warning: variable "elapsed_time" was set but never used

Finished building: ../src/multiplication_test.cu
 
Building target: multiplication_test
Invoking: NVCC Linker
/usr/local/cuda-10.1/bin/nvcc --cudart static --relocatable-device-code=false -gencode arch=compute_35,code=compute_35 -gencode arch=compute_35,code=sm_35 -gencode arch=compute_75,code=sm_75 -link -o  "multiplication_test"  ./src/multiplication_test.o   
Finished building target: multiplication_test
 
20:45:34 **** Incremental Build of configuration Debug for project multiplication_test ****
make all 
Building file: ../src/multiplication_test.cu
Invoking: NVCC Compiler
/usr/local/cuda-10.1/bin/nvcc -G -g -O0 -std=c++11 -gencode arch=compute_35,code=sm_35 -gencode arch=compute_75,code=sm_75  -odir "src" -M -o "src/multiplication_test.d" "../src/multiplication_test.cu"
/usr/local/cuda-10.1/bin/nvcc -G -g -O0 -std=c++11 --compile --relocatable-device-code=false -gencode arch=compute_35,code=compute_35 -gencode arch=compute_35,code=sm_35 -gencode arch=compute_75,code=sm_75  -x cu -o  "src/multiplication_test.o" "../src/multiplication_test.cu"
../src/multiplication_test.cu(174): error: no operator "+" matches these operands
            operand types are: double + std::chrono::duration<double, std::ratio<1L, 1L>>

../src/multiplication_test.cu(101): warning: variable "h_A" was declared but never referenced

../src/multiplication_test.cu(101): warning: variable "h_B" was declared but never referenced

../src/multiplication_test.cu(101): warning: variable "h_result" was declared but never referenced

../src/multiplication_test.cu(102): warning: variable "d_A" was declared but never referenced

../src/multiplication_test.cu(102): warning: variable "d_B" was declared but never referenced

../src/multiplication_test.cu(102): warning: variable "d_result" was declared but never referenced

1 error detected in the compilation of "/tmp/tmpxft_000035ec_00000000-7_multiplication_test.compute_75.cpp1.ii".
make: *** [src/multiplication_test.o] Error 1
20:46:17 **** Incremental Build of configuration Debug for project multiplication_test ****
make all 
Building file: ../src/multiplication_test.cu
Invoking: NVCC Compiler
/usr/local/cuda-10.1/bin/nvcc -G -g -O0 -std=c++11 -gencode arch=compute_35,code=sm_35 -gencode arch=compute_75,code=sm_75  -odir "src" -M -o "src/multiplication_test.d" "../src/multiplication_test.cu"
/usr/local/cuda-10.1/bin/nvcc -G -g -O0 -std=c++11 --compile --relocatable-device-code=false -gencode arch=compute_35,code=compute_35 -gencode arch=compute_35,code=sm_35 -gencode arch=compute_75,code=sm_75  -x cu -o  "src/multiplication_test.o" "../src/multiplication_test.cu"
../src/multiplication_test.cu(174): error: no operator "+" matches these operands
            operand types are: double + std::chrono::duration<double, std::ratio<1L, 1L>>

../src/multiplication_test.cu(101): warning: variable "h_A" was declared but never referenced

../src/multiplication_test.cu(101): warning: variable "h_B" was declared but never referenced

../src/multiplication_test.cu(101): warning: variable "h_result" was declared but never referenced

../src/multiplication_test.cu(102): warning: variable "d_A" was declared but never referenced

../src/multiplication_test.cu(102): warning: variable "d_B" was declared but never referenced

../src/multiplication_test.cu(102): warning: variable "d_result" was declared but never referenced

1 error detected in the compilation of "/tmp/tmpxft_00003663_00000000-7_multiplication_test.compute_75.cpp1.ii".
make: *** [src/multiplication_test.o] Error 1
20:47:25 **** Incremental Build of configuration Debug for project multiplication_test ****
make all 
Building file: ../src/multiplication_test.cu
Invoking: NVCC Compiler
/usr/local/cuda-10.1/bin/nvcc -G -g -O0 -std=c++11 -gencode arch=compute_35,code=sm_35 -gencode arch=compute_75,code=sm_75  -odir "src" -M -o "src/multiplication_test.d" "../src/multiplication_test.cu"
/usr/local/cuda-10.1/bin/nvcc -G -g -O0 -std=c++11 --compile --relocatable-device-code=false -gencode arch=compute_35,code=compute_35 -gencode arch=compute_35,code=sm_35 -gencode arch=compute_75,code=sm_75  -x cu -o  "src/multiplication_test.o" "../src/multiplication_test.cu"
../src/multiplication_test.cu(174): error: expected a "("

../src/multiplication_test.cu(174): error: expected an expression

../src/multiplication_test.cu(174): error: expected a ")"

../src/multiplication_test.cu(101): warning: variable "h_A" was declared but never referenced

../src/multiplication_test.cu(101): warning: variable "h_B" was declared but never referenced

../src/multiplication_test.cu(101): warning: variable "h_result" was declared but never referenced

../src/multiplication_test.cu(102): warning: variable "d_A" was declared but never referenced

../src/multiplication_test.cu(102): warning: variable "d_B" was declared but never referenced

../src/multiplication_test.cu(102): warning: variable "d_result" was declared but never referenced

../src/multiplication_test.cu(114): warning: variable "elapsed_time" was set but never used

3 errors detected in the compilation of "/tmp/tmpxft_00003702_00000000-7_multiplication_test.compute_75.cpp1.ii".
make: *** [src/multiplication_test.o] Error 1
20:47:50 **** Incremental Build of configuration Debug for project multiplication_test ****
make all 
Building file: ../src/multiplication_test.cu
Invoking: NVCC Compiler
/usr/local/cuda-10.1/bin/nvcc -G -g -O0 -std=c++11 -gencode arch=compute_35,code=sm_35 -gencode arch=compute_75,code=sm_75  -odir "src" -M -o "src/multiplication_test.d" "../src/multiplication_test.cu"
/usr/local/cuda-10.1/bin/nvcc -G -g -O0 -std=c++11 --compile --relocatable-device-code=false -gencode arch=compute_35,code=compute_35 -gencode arch=compute_35,code=sm_35 -gencode arch=compute_75,code=sm_75  -x cu -o  "src/multiplication_test.o" "../src/multiplication_test.cu"
../src/multiplication_test.cu(174): error: no suitable conversion function from "std::chrono::duration<double, std::ratio<1L, 1L>>" to "double" exists

../src/multiplication_test.cu(101): warning: variable "h_A" was declared but never referenced

../src/multiplication_test.cu(101): warning: variable "h_B" was declared but never referenced

../src/multiplication_test.cu(101): warning: variable "h_result" was declared but never referenced

../src/multiplication_test.cu(102): warning: variable "d_A" was declared but never referenced

../src/multiplication_test.cu(102): warning: variable "d_B" was declared but never referenced

../src/multiplication_test.cu(102): warning: variable "d_result" was declared but never referenced

1 error detected in the compilation of "/tmp/tmpxft_00003767_00000000-7_multiplication_test.compute_75.cpp1.ii".
make: *** [src/multiplication_test.o] Error 1
20:50:00 **** Incremental Build of configuration Debug for project multiplication_test ****
make all 
Building file: ../src/multiplication_test.cu
Invoking: NVCC Compiler
/usr/local/cuda-10.1/bin/nvcc -G -g -O0 -std=c++11 -gencode arch=compute_35,code=sm_35 -gencode arch=compute_75,code=sm_75  -odir "src" -M -o "src/multiplication_test.d" "../src/multiplication_test.cu"
/usr/local/cuda-10.1/bin/nvcc -G -g -O0 -std=c++11 --compile --relocatable-device-code=false -gencode arch=compute_35,code=compute_35 -gencode arch=compute_35,code=sm_35 -gencode arch=compute_75,code=sm_75  -x cu -o  "src/multiplication_test.o" "../src/multiplication_test.cu"
../src/multiplication_test.cu(101): warning: variable "h_A" was declared but never referenced

../src/multiplication_test.cu(101): warning: variable "h_B" was declared but never referenced

../src/multiplication_test.cu(101): warning: variable "h_result" was declared but never referenced

../src/multiplication_test.cu(102): warning: variable "d_A" was declared but never referenced

../src/multiplication_test.cu(102): warning: variable "d_B" was declared but never referenced

../src/multiplication_test.cu(102): warning: variable "d_result" was declared but never referenced

../src/multiplication_test.cu(101): warning: variable "h_A" was declared but never referenced

../src/multiplication_test.cu(101): warning: variable "h_B" was declared but never referenced

../src/multiplication_test.cu(101): warning: variable "h_result" was declared but never referenced

../src/multiplication_test.cu(102): warning: variable "d_A" was declared but never referenced

../src/multiplication_test.cu(102): warning: variable "d_B" was declared but never referenced

../src/multiplication_test.cu(102): warning: variable "d_result" was declared but never referenced

Finished building: ../src/multiplication_test.cu
 
Building target: multiplication_test
Invoking: NVCC Linker
/usr/local/cuda-10.1/bin/nvcc --cudart static --relocatable-device-code=false -gencode arch=compute_35,code=compute_35 -gencode arch=compute_35,code=sm_35 -gencode arch=compute_75,code=sm_75 -link -o  "multiplication_test"  ./src/multiplication_test.o   
Finished building target: multiplication_test
 
20:51:15 **** Incremental Build of configuration Debug for project multiplication_test ****
make all 
Building file: ../src/multiplication_test.cu
Invoking: NVCC Compiler
/usr/local/cuda-10.1/bin/nvcc -G -g -O0 -std=c++11 -gencode arch=compute_35,code=sm_35 -gencode arch=compute_75,code=sm_75  -odir "src" -M -o "src/multiplication_test.d" "../src/multiplication_test.cu"
/usr/local/cuda-10.1/bin/nvcc -G -g -O0 -std=c++11 --compile --relocatable-device-code=false -gencode arch=compute_35,code=compute_35 -gencode arch=compute_35,code=sm_35 -gencode arch=compute_75,code=sm_75  -x cu -o  "src/multiplication_test.o" "../src/multiplication_test.cu"
../src/multiplication_test.cu(101): warning: variable "h_A" was declared but never referenced

../src/multiplication_test.cu(101): warning: variable "h_B" was declared but never referenced

../src/multiplication_test.cu(101): warning: variable "h_result" was declared but never referenced

../src/multiplication_test.cu(102): warning: variable "d_A" was declared but never referenced

../src/multiplication_test.cu(102): warning: variable "d_B" was declared but never referenced

../src/multiplication_test.cu(102): warning: variable "d_result" was declared but never referenced

../src/multiplication_test.cu(101): warning: variable "h_A" was declared but never referenced

../src/multiplication_test.cu(101): warning: variable "h_B" was declared but never referenced

../src/multiplication_test.cu(101): warning: variable "h_result" was declared but never referenced

../src/multiplication_test.cu(102): warning: variable "d_A" was declared but never referenced

../src/multiplication_test.cu(102): warning: variable "d_B" was declared but never referenced

../src/multiplication_test.cu(102): warning: variable "d_result" was declared but never referenced

Finished building: ../src/multiplication_test.cu
 
Building target: multiplication_test
Invoking: NVCC Linker
/usr/local/cuda-10.1/bin/nvcc --cudart static --relocatable-device-code=false -gencode arch=compute_35,code=compute_35 -gencode arch=compute_35,code=sm_35 -gencode arch=compute_75,code=sm_75 -link -o  "multiplication_test"  ./src/multiplication_test.o   
Finished building target: multiplication_test
 
20:52:26 **** Incremental Build of configuration Debug for project multiplication_test ****
make all 
Building file: ../src/multiplication_test.cu
Invoking: NVCC Compiler
/usr/local/cuda-10.1/bin/nvcc -G -g -O0 -std=c++11 -gencode arch=compute_35,code=sm_35 -gencode arch=compute_75,code=sm_75  -odir "src" -M -o "src/multiplication_test.d" "../src/multiplication_test.cu"
/usr/local/cuda-10.1/bin/nvcc -G -g -O0 -std=c++11 --compile --relocatable-device-code=false -gencode arch=compute_35,code=compute_35 -gencode arch=compute_35,code=sm_35 -gencode arch=compute_75,code=sm_75  -x cu -o  "src/multiplication_test.o" "../src/multiplication_test.cu"
../src/multiplication_test.cu(101): warning: variable "h_A" was declared but never referenced

../src/multiplication_test.cu(101): warning: variable "h_B" was declared but never referenced

../src/multiplication_test.cu(101): warning: variable "h_result" was declared but never referenced

../src/multiplication_test.cu(102): warning: variable "d_A" was declared but never referenced

../src/multiplication_test.cu(102): warning: variable "d_B" was declared but never referenced

../src/multiplication_test.cu(102): warning: variable "d_result" was declared but never referenced

../src/multiplication_test.cu(101): warning: variable "h_A" was declared but never referenced

../src/multiplication_test.cu(101): warning: variable "h_B" was declared but never referenced

../src/multiplication_test.cu(101): warning: variable "h_result" was declared but never referenced

../src/multiplication_test.cu(102): warning: variable "d_A" was declared but never referenced

../src/multiplication_test.cu(102): warning: variable "d_B" was declared but never referenced

../src/multiplication_test.cu(102): warning: variable "d_result" was declared but never referenced

Finished building: ../src/multiplication_test.cu
 
Building target: multiplication_test
Invoking: NVCC Linker
/usr/local/cuda-10.1/bin/nvcc --cudart static --relocatable-device-code=false -gencode arch=compute_35,code=compute_35 -gencode arch=compute_35,code=sm_35 -gencode arch=compute_75,code=sm_75 -link -o  "multiplication_test"  ./src/multiplication_test.o   
Finished building target: multiplication_test
 
20:55:18 **** Incremental Build of configuration Debug for project multiplication_test ****
make all 
make: Nothing to be done for `all'.
20:56:44 **** Incremental Build of configuration Debug for project multiplication_test ****
make all 
make: Nothing to be done for `all'.
20:58:33 **** Incremental Build of configuration Debug for project multiplication_test ****
make all 
make: Nothing to be done for `all'.
21:01:07 **** Clean-only build of configuration Debug for project RTX_addVector ****
make clean 
rm -rf  ./src/vectorAdd.o  ./src/vectorAdd.d  RTX_addVector
 
21:01:07 **** Build of configuration Debug for project RTX_addVector ****
make all 
Building file: ../src/vectorAdd.cu
Invoking: NVCC Compiler
/usr/local/cuda-10.1/bin/nvcc -I"/usr/local/cuda-10.1/samples/0_Simple" -I"/usr/local/cuda-10.1/samples/common/inc" -I"/home/cuda-lab07/cuda-workspace/RTX_addVector" -G -g -O0 -gencode arch=compute_35,code=sm_35 -gencode arch=compute_75,code=sm_75  -odir "src" -M -o "src/vectorAdd.d" "../src/vectorAdd.cu"
/usr/local/cuda-10.1/bin/nvcc -I"/usr/local/cuda-10.1/samples/0_Simple" -I"/usr/local/cuda-10.1/samples/common/inc" -I"/home/cuda-lab07/cuda-workspace/RTX_addVector" -G -g -O0 --compile --relocatable-device-code=false -gencode arch=compute_35,code=compute_35 -gencode arch=compute_35,code=sm_35 -gencode arch=compute_75,code=sm_75  -x cu -o  "src/vectorAdd.o" "../src/vectorAdd.cu"
../src/vectorAdd.cu(44): error: expected a ";"

../src/vectorAdd.cu(72): warning: parsing restarts here after previous syntax error

../src/vectorAdd.cu(74): error: identifier "execution_time" is undefined

../src/vectorAdd.cu(76): error: identifier "size" is undefined

../src/vectorAdd.cu(82): warning: a host variable "stderr" cannot be directly read in a device function

../src/vectorAdd.cu(92): error: identifier "t0" is undefined

../src/vectorAdd.cu(95): error: identifier "err" is undefined

../src/vectorAdd.cu(98): warning: a host variable "stderr" cannot be directly read in a device function

../src/vectorAdd.cu(108): warning: a host variable "stderr" cannot be directly read in a device function

../src/vectorAdd.cu(119): warning: a host variable "stderr" cannot be directly read in a device function

../src/vectorAdd.cu(131): warning: a host variable "stderr" cannot be directly read in a device function

../src/vectorAdd.cu(140): warning: a host variable "stderr" cannot be directly read in a device function

../src/vectorAdd.cu(160): error: kernel launch from __device__ or __global__ functions requires separate compilation mode

../src/vectorAdd.cu(171): warning: a host variable "stderr" cannot be directly read in a device function

../src/vectorAdd.cu(191): warning: a host variable "stderr" cannot be directly read in a device function

../src/vectorAdd.cu(196): error: identifier "t1" is undefined

../src/vectorAdd.cu(197): error: identifier "elapsed" is undefined

../src/vectorAdd.cu(203): warning: a host variable "stderr" cannot be directly read in a device function

../src/vectorAdd.cu(215): warning: a host variable "stderr" cannot be directly read in a device function

../src/vectorAdd.cu(223): warning: a host variable "stderr" cannot be directly read in a device function

../src/vectorAdd.cu(231): warning: a host variable "stderr" cannot be directly read in a device function

../src/vectorAdd.cu(149): warning: variable "threads" was declared but never referenced

../src/vectorAdd.cu(248): error: this declaration has no storage class or type specifier

../src/vectorAdd.cu(248): error: declaration is incompatible with "int printf(const char *, ...)"
/usr/local/cuda-10.1/bin/../targets/x86_64-linux/include/crt/common_functions.h(145): here

../src/vectorAdd.cu(248): error: a value of type "const char *" cannot be used to initialize an entity of type "int"

../src/vectorAdd.cu(249): error: expected a declaration

../src/vectorAdd.cu(250): error: expected a declaration

13 errors detected in the compilation of "/tmp/tmpxft_00003dad_00000000-7_vectorAdd.compute_75.cpp1.ii".
make: *** [src/vectorAdd.o] Error 1
21:01:27 **** Incremental Build of configuration Debug for project addMatrix ****
make all 
make: Nothing to be done for `all'.
21:25:19 **** Incremental Build of configuration Debug for project multiplication_test ****
make all 
make: Nothing to be done for `all'.
21:29:19 **** Incremental Build of configuration Debug for project multiplication_test ****
make all 
Building file: ../src/multiplication_test.cu
Invoking: NVCC Compiler
/usr/local/cuda-10.1/bin/nvcc -G -g -O0 -std=c++11 -gencode arch=compute_35,code=sm_35 -gencode arch=compute_75,code=sm_75  -odir "src" -M -o "src/multiplication_test.d" "../src/multiplication_test.cu"
/usr/local/cuda-10.1/bin/nvcc -G -g -O0 -std=c++11 --compile --relocatable-device-code=false -gencode arch=compute_35,code=compute_35 -gencode arch=compute_35,code=sm_35 -gencode arch=compute_75,code=sm_75  -x cu -o  "src/multiplication_test.o" "../src/multiplication_test.cu"
../src/multiplication_test.cu(104): warning: variable "A" was declared but never referenced

../src/multiplication_test.cu(104): warning: variable "B" was declared but never referenced

../src/multiplication_test.cu(104): warning: variable "result" was declared but never referenced

../src/multiplication_test.cu(104): warning: variable "A" was declared but never referenced

../src/multiplication_test.cu(104): warning: variable "B" was declared but never referenced

../src/multiplication_test.cu(104): warning: variable "result" was declared but never referenced

Finished building: ../src/multiplication_test.cu
 
Building target: multiplication_test
Invoking: NVCC Linker
/usr/local/cuda-10.1/bin/nvcc --cudart static --relocatable-device-code=false -gencode arch=compute_35,code=compute_35 -gencode arch=compute_35,code=sm_35 -gencode arch=compute_75,code=sm_75 -link -o  "multiplication_test"  ./src/multiplication_test.o   
Finished building target: multiplication_test
 
21:30:01 **** Incremental Build of configuration Debug for project multiplication_test ****
make all 
make: Nothing to be done for `all'.
21:37:23 **** Incremental Build of configuration Debug for project multiplication_test ****
make all 
Building file: ../src/multiplication_test.cu
Invoking: NVCC Compiler
/usr/local/cuda-10.1/bin/nvcc -G -g -O0 -std=c++11 -gencode arch=compute_35,code=sm_35 -gencode arch=compute_75,code=sm_75  -odir "src" -M -o "src/multiplication_test.d" "../src/multiplication_test.cu"
/usr/local/cuda-10.1/bin/nvcc -G -g -O0 -std=c++11 --compile --relocatable-device-code=false -gencode arch=compute_35,code=compute_35 -gencode arch=compute_35,code=sm_35 -gencode arch=compute_75,code=sm_75  -x cu -o  "src/multiplication_test.o" "../src/multiplication_test.cu"
../src/multiplication_test.cu(104): warning: variable "A" was declared but never referenced

../src/multiplication_test.cu(104): warning: variable "B" was declared but never referenced

../src/multiplication_test.cu(104): warning: variable "result" was declared but never referenced

../src/multiplication_test.cu(104): warning: variable "A" was declared but never referenced

../src/multiplication_test.cu(104): warning: variable "B" was declared but never referenced

../src/multiplication_test.cu(104): warning: variable "result" was declared but never referenced

Finished building: ../src/multiplication_test.cu
 
Building target: multiplication_test
Invoking: NVCC Linker
/usr/local/cuda-10.1/bin/nvcc --cudart static --relocatable-device-code=false -gencode arch=compute_35,code=compute_35 -gencode arch=compute_35,code=sm_35 -gencode arch=compute_75,code=sm_75 -link -o  "multiplication_test"  ./src/multiplication_test.o   
Finished building target: multiplication_test
 
21:38:46 **** Incremental Build of configuration Debug for project multiplication_test ****
make all 
make: Nothing to be done for `all'.
21:44:17 **** Incremental Build of configuration Debug for project multiplication_test ****
make all 
Building file: ../src/multiplication_test.cu
Invoking: NVCC Compiler
/usr/local/cuda-10.1/bin/nvcc -G -g -O0 -std=c++11 -gencode arch=compute_35,code=sm_35 -gencode arch=compute_75,code=sm_75  -odir "src" -M -o "src/multiplication_test.d" "../src/multiplication_test.cu"
/usr/local/cuda-10.1/bin/nvcc -G -g -O0 -std=c++11 --compile --relocatable-device-code=false -gencode arch=compute_35,code=compute_35 -gencode arch=compute_35,code=sm_35 -gencode arch=compute_75,code=sm_75  -x cu -o  "src/multiplication_test.o" "../src/multiplication_test.cu"
../src/multiplication_test.cu(104): warning: variable "A" was declared but never referenced

../src/multiplication_test.cu(104): warning: variable "B" was declared but never referenced

../src/multiplication_test.cu(104): warning: variable "result" was declared but never referenced

../src/multiplication_test.cu(104): warning: variable "A" was declared but never referenced

../src/multiplication_test.cu(104): warning: variable "B" was declared but never referenced

../src/multiplication_test.cu(104): warning: variable "result" was declared but never referenced

Finished building: ../src/multiplication_test.cu
 
Building target: multiplication_test
Invoking: NVCC Linker
/usr/local/cuda-10.1/bin/nvcc --cudart static --relocatable-device-code=false -gencode arch=compute_35,code=compute_35 -gencode arch=compute_35,code=sm_35 -gencode arch=compute_75,code=sm_75 -link -o  "multiplication_test"  ./src/multiplication_test.o   
Finished building target: multiplication_test
 
21:46:49 **** Incremental Build of configuration Debug for project multiplication_test ****
make all 
Building file: ../src/multiplication_test.cu
Invoking: NVCC Compiler
/usr/local/cuda-10.1/bin/nvcc -G -g -O0 -std=c++11 -gencode arch=compute_35,code=sm_35 -gencode arch=compute_75,code=sm_75  -odir "src" -M -o "src/multiplication_test.d" "../src/multiplication_test.cu"
/usr/local/cuda-10.1/bin/nvcc -G -g -O0 -std=c++11 --compile --relocatable-device-code=false -gencode arch=compute_35,code=compute_35 -gencode arch=compute_35,code=sm_35 -gencode arch=compute_75,code=sm_75  -x cu -o  "src/multiplication_test.o" "../src/multiplication_test.cu"
../src/multiplication_test.cu(104): warning: variable "A" was declared but never referenced

../src/multiplication_test.cu(104): warning: variable "B" was declared but never referenced

../src/multiplication_test.cu(104): warning: variable "result" was declared but never referenced

../src/multiplication_test.cu(104): warning: variable "A" was declared but never referenced

../src/multiplication_test.cu(104): warning: variable "B" was declared but never referenced

../src/multiplication_test.cu(104): warning: variable "result" was declared but never referenced

Finished building: ../src/multiplication_test.cu
 
Building target: multiplication_test
Invoking: NVCC Linker
/usr/local/cuda-10.1/bin/nvcc --cudart static --relocatable-device-code=false -gencode arch=compute_35,code=compute_35 -gencode arch=compute_35,code=sm_35 -gencode arch=compute_75,code=sm_75 -link -o  "multiplication_test"  ./src/multiplication_test.o   
Finished building target: multiplication_test
 
21:50:33 **** Incremental Build of configuration Debug for project multiplication_test ****
make all 
Building file: ../src/multiplication_test.cu
Invoking: NVCC Compiler
/usr/local/cuda-10.1/bin/nvcc -G -g -O0 -std=c++11 -gencode arch=compute_35,code=sm_35 -gencode arch=compute_75,code=sm_75  -odir "src" -M -o "src/multiplication_test.d" "../src/multiplication_test.cu"
/usr/local/cuda-10.1/bin/nvcc -G -g -O0 -std=c++11 --compile --relocatable-device-code=false -gencode arch=compute_35,code=compute_35 -gencode arch=compute_35,code=sm_35 -gencode arch=compute_75,code=sm_75  -x cu -o  "src/multiplication_test.o" "../src/multiplication_test.cu"
../src/multiplication_test.cu(104): warning: variable "A" was declared but never referenced

../src/multiplication_test.cu(104): warning: variable "B" was declared but never referenced

../src/multiplication_test.cu(104): warning: variable "result" was declared but never referenced

../src/multiplication_test.cu(104): warning: variable "A" was declared but never referenced

../src/multiplication_test.cu(104): warning: variable "B" was declared but never referenced

../src/multiplication_test.cu(104): warning: variable "result" was declared but never referenced

Finished building: ../src/multiplication_test.cu
 
Building target: multiplication_test
Invoking: NVCC Linker
/usr/local/cuda-10.1/bin/nvcc --cudart static --relocatable-device-code=false -gencode arch=compute_35,code=compute_35 -gencode arch=compute_35,code=sm_35 -gencode arch=compute_75,code=sm_75 -link -o  "multiplication_test"  ./src/multiplication_test.o   
Finished building target: multiplication_test
 
21:51:25 **** Incremental Build of configuration Debug for project multiplication_test ****
make all 
Building file: ../src/multiplication_test.cu
Invoking: NVCC Compiler
/usr/local/cuda-10.1/bin/nvcc -G -g -O0 -std=c++11 -gencode arch=compute_35,code=sm_35 -gencode arch=compute_75,code=sm_75  -odir "src" -M -o "src/multiplication_test.d" "../src/multiplication_test.cu"
/usr/local/cuda-10.1/bin/nvcc -G -g -O0 -std=c++11 --compile --relocatable-device-code=false -gencode arch=compute_35,code=compute_35 -gencode arch=compute_35,code=sm_35 -gencode arch=compute_75,code=sm_75  -x cu -o  "src/multiplication_test.o" "../src/multiplication_test.cu"
../src/multiplication_test.cu(104): warning: variable "A" was declared but never referenced

../src/multiplication_test.cu(104): warning: variable "B" was declared but never referenced

../src/multiplication_test.cu(104): warning: variable "result" was declared but never referenced

../src/multiplication_test.cu(104): warning: variable "A" was declared but never referenced

../src/multiplication_test.cu(104): warning: variable "B" was declared but never referenced

../src/multiplication_test.cu(104): warning: variable "result" was declared but never referenced

Finished building: ../src/multiplication_test.cu
 
Building target: multiplication_test
Invoking: NVCC Linker
/usr/local/cuda-10.1/bin/nvcc --cudart static --relocatable-device-code=false -gencode arch=compute_35,code=compute_35 -gencode arch=compute_35,code=sm_35 -gencode arch=compute_75,code=sm_75 -link -o  "multiplication_test"  ./src/multiplication_test.o   
Finished building target: multiplication_test
 
21:53:29 **** Incremental Build of configuration Debug for project multiplication_test ****
make all 
Building file: ../src/multiplication_test.cu
Invoking: NVCC Compiler
/usr/local/cuda-10.1/bin/nvcc -G -g -O0 -std=c++11 -gencode arch=compute_35,code=sm_35 -gencode arch=compute_75,code=sm_75  -odir "src" -M -o "src/multiplication_test.d" "../src/multiplication_test.cu"
/usr/local/cuda-10.1/bin/nvcc -G -g -O0 -std=c++11 --compile --relocatable-device-code=false -gencode arch=compute_35,code=compute_35 -gencode arch=compute_35,code=sm_35 -gencode arch=compute_75,code=sm_75  -x cu -o  "src/multiplication_test.o" "../src/multiplication_test.cu"
../src/multiplication_test.cu(104): warning: variable "A" was declared but never referenced

../src/multiplication_test.cu(104): warning: variable "B" was declared but never referenced

../src/multiplication_test.cu(104): warning: variable "result" was declared but never referenced

../src/multiplication_test.cu(104): warning: variable "A" was declared but never referenced

../src/multiplication_test.cu(104): warning: variable "B" was declared but never referenced

../src/multiplication_test.cu(104): warning: variable "result" was declared but never referenced

Finished building: ../src/multiplication_test.cu
 
Building target: multiplication_test
Invoking: NVCC Linker
/usr/local/cuda-10.1/bin/nvcc --cudart static --relocatable-device-code=false -gencode arch=compute_35,code=compute_35 -gencode arch=compute_35,code=sm_35 -gencode arch=compute_75,code=sm_75 -link -o  "multiplication_test"  ./src/multiplication_test.o   
Finished building target: multiplication_test
 
21:55:34 **** Incremental Build of configuration Debug for project multiplication_test ****
make all 
Building file: ../src/multiplication_test.cu
Invoking: NVCC Compiler
/usr/local/cuda-10.1/bin/nvcc -G -g -O0 -std=c++11 -gencode arch=compute_35,code=sm_35 -gencode arch=compute_75,code=sm_75  -odir "src" -M -o "src/multiplication_test.d" "../src/multiplication_test.cu"
/usr/local/cuda-10.1/bin/nvcc -G -g -O0 -std=c++11 --compile --relocatable-device-code=false -gencode arch=compute_35,code=compute_35 -gencode arch=compute_35,code=sm_35 -gencode arch=compute_75,code=sm_75  -x cu -o  "src/multiplication_test.o" "../src/multiplication_test.cu"
../src/multiplication_test.cu(104): warning: variable "A" was declared but never referenced

../src/multiplication_test.cu(104): warning: variable "B" was declared but never referenced

../src/multiplication_test.cu(104): warning: variable "result" was declared but never referenced

../src/multiplication_test.cu(104): warning: variable "A" was declared but never referenced

../src/multiplication_test.cu(104): warning: variable "B" was declared but never referenced

../src/multiplication_test.cu(104): warning: variable "result" was declared but never referenced

Finished building: ../src/multiplication_test.cu
 
Building target: multiplication_test
Invoking: NVCC Linker
/usr/local/cuda-10.1/bin/nvcc --cudart static --relocatable-device-code=false -gencode arch=compute_35,code=compute_35 -gencode arch=compute_35,code=sm_35 -gencode arch=compute_75,code=sm_75 -link -o  "multiplication_test"  ./src/multiplication_test.o   
Finished building target: multiplication_test
 
21:57:22 **** Incremental Build of configuration Debug for project multiplication_test ****
make all 
Building file: ../src/multiplication_test.cu
Invoking: NVCC Compiler
/usr/local/cuda-10.1/bin/nvcc -G -g -O0 -std=c++11 -gencode arch=compute_35,code=sm_35 -gencode arch=compute_75,code=sm_75  -odir "src" -M -o "src/multiplication_test.d" "../src/multiplication_test.cu"
/usr/local/cuda-10.1/bin/nvcc -G -g -O0 -std=c++11 --compile --relocatable-device-code=false -gencode arch=compute_35,code=compute_35 -gencode arch=compute_35,code=sm_35 -gencode arch=compute_75,code=sm_75  -x cu -o  "src/multiplication_test.o" "../src/multiplication_test.cu"
../src/multiplication_test.cu(104): warning: variable "A" was declared but never referenced

../src/multiplication_test.cu(104): warning: variable "B" was declared but never referenced

../src/multiplication_test.cu(104): warning: variable "result" was declared but never referenced

../src/multiplication_test.cu(104): warning: variable "A" was declared but never referenced

../src/multiplication_test.cu(104): warning: variable "B" was declared but never referenced

../src/multiplication_test.cu(104): warning: variable "result" was declared but never referenced

Finished building: ../src/multiplication_test.cu
 
Building target: multiplication_test
Invoking: NVCC Linker
/usr/local/cuda-10.1/bin/nvcc --cudart static --relocatable-device-code=false -gencode arch=compute_35,code=compute_35 -gencode arch=compute_35,code=sm_35 -gencode arch=compute_75,code=sm_75 -link -o  "multiplication_test"  ./src/multiplication_test.o   
Finished building target: multiplication_test
 
21:59:05 **** Incremental Build of configuration Debug for project multiplication_test ****
make all 
Building file: ../src/multiplication_test.cu
Invoking: NVCC Compiler
/usr/local/cuda-10.1/bin/nvcc -G -g -O0 -std=c++11 -gencode arch=compute_35,code=sm_35 -gencode arch=compute_75,code=sm_75  -odir "src" -M -o "src/multiplication_test.d" "../src/multiplication_test.cu"
/usr/local/cuda-10.1/bin/nvcc -G -g -O0 -std=c++11 --compile --relocatable-device-code=false -gencode arch=compute_35,code=compute_35 -gencode arch=compute_35,code=sm_35 -gencode arch=compute_75,code=sm_75  -x cu -o  "src/multiplication_test.o" "../src/multiplication_test.cu"
../src/multiplication_test.cu(104): warning: variable "A" was declared but never referenced

../src/multiplication_test.cu(104): warning: variable "B" was declared but never referenced

../src/multiplication_test.cu(104): warning: variable "result" was declared but never referenced

../src/multiplication_test.cu(104): warning: variable "A" was declared but never referenced

../src/multiplication_test.cu(104): warning: variable "B" was declared but never referenced

../src/multiplication_test.cu(104): warning: variable "result" was declared but never referenced

Finished building: ../src/multiplication_test.cu
 
Building target: multiplication_test
Invoking: NVCC Linker
/usr/local/cuda-10.1/bin/nvcc --cudart static --relocatable-device-code=false -gencode arch=compute_35,code=compute_35 -gencode arch=compute_35,code=sm_35 -gencode arch=compute_75,code=sm_75 -link -o  "multiplication_test"  ./src/multiplication_test.o   
Finished building target: multiplication_test
 
22:01:20 **** Incremental Build of configuration Debug for project multiplication_test ****
make all 
Building file: ../src/multiplication_test.cu
Invoking: NVCC Compiler
/usr/local/cuda-10.1/bin/nvcc -G -g -O0 -std=c++11 -gencode arch=compute_35,code=sm_35 -gencode arch=compute_75,code=sm_75  -odir "src" -M -o "src/multiplication_test.d" "../src/multiplication_test.cu"
/usr/local/cuda-10.1/bin/nvcc -G -g -O0 -std=c++11 --compile --relocatable-device-code=false -gencode arch=compute_35,code=compute_35 -gencode arch=compute_35,code=sm_35 -gencode arch=compute_75,code=sm_75  -x cu -o  "src/multiplication_test.o" "../src/multiplication_test.cu"
../src/multiplication_test.cu(104): warning: variable "A" was declared but never referenced

../src/multiplication_test.cu(104): warning: variable "B" was declared but never referenced

../src/multiplication_test.cu(104): warning: variable "result" was declared but never referenced

../src/multiplication_test.cu(104): warning: variable "A" was declared but never referenced

../src/multiplication_test.cu(104): warning: variable "B" was declared but never referenced

../src/multiplication_test.cu(104): warning: variable "result" was declared but never referenced

Finished building: ../src/multiplication_test.cu
 
Building target: multiplication_test
Invoking: NVCC Linker
/usr/local/cuda-10.1/bin/nvcc --cudart static --relocatable-device-code=false -gencode arch=compute_35,code=compute_35 -gencode arch=compute_35,code=sm_35 -gencode arch=compute_75,code=sm_75 -link -o  "multiplication_test"  ./src/multiplication_test.o   
Finished building target: multiplication_test
 
22:02:13 **** Incremental Build of configuration Debug for project multiplication_test ****
make all 
make: Nothing to be done for `all'.
22:03:01 **** Incremental Build of configuration Debug for project multiplication_test ****
make all 
Building file: ../src/multiplication_test.cu
Invoking: NVCC Compiler
/usr/local/cuda-10.1/bin/nvcc -G -g -O0 -std=c++11 -gencode arch=compute_35,code=sm_35 -gencode arch=compute_75,code=sm_75  -odir "src" -M -o "src/multiplication_test.d" "../src/multiplication_test.cu"
/usr/local/cuda-10.1/bin/nvcc -G -g -O0 -std=c++11 --compile --relocatable-device-code=false -gencode arch=compute_35,code=compute_35 -gencode arch=compute_35,code=sm_35 -gencode arch=compute_75,code=sm_75  -x cu -o  "src/multiplication_test.o" "../src/multiplication_test.cu"
../src/multiplication_test.cu(104): warning: variable "A" was declared but never referenced

../src/multiplication_test.cu(104): warning: variable "B" was declared but never referenced

../src/multiplication_test.cu(104): warning: variable "result" was declared but never referenced

../src/multiplication_test.cu(104): warning: variable "A" was declared but never referenced

../src/multiplication_test.cu(104): warning: variable "B" was declared but never referenced

../src/multiplication_test.cu(104): warning: variable "result" was declared but never referenced

Finished building: ../src/multiplication_test.cu
 
Building target: multiplication_test
Invoking: NVCC Linker
/usr/local/cuda-10.1/bin/nvcc --cudart static --relocatable-device-code=false -gencode arch=compute_35,code=compute_35 -gencode arch=compute_35,code=sm_35 -gencode arch=compute_75,code=sm_75 -link -o  "multiplication_test"  ./src/multiplication_test.o   
Finished building target: multiplication_test
 
22:05:18 **** Incremental Build of configuration Debug for project multiplication_test ****
make all 
Building file: ../src/multiplication_test.cu
Invoking: NVCC Compiler
/usr/local/cuda-10.1/bin/nvcc -G -g -O0 -std=c++11 -gencode arch=compute_35,code=sm_35 -gencode arch=compute_75,code=sm_75  -odir "src" -M -o "src/multiplication_test.d" "../src/multiplication_test.cu"
/usr/local/cuda-10.1/bin/nvcc -G -g -O0 -std=c++11 --compile --relocatable-device-code=false -gencode arch=compute_35,code=compute_35 -gencode arch=compute_35,code=sm_35 -gencode arch=compute_75,code=sm_75  -x cu -o  "src/multiplication_test.o" "../src/multiplication_test.cu"
../src/multiplication_test.cu(104): warning: variable "A" was declared but never referenced

../src/multiplication_test.cu(104): warning: variable "B" was declared but never referenced

../src/multiplication_test.cu(104): warning: variable "result" was declared but never referenced

../src/multiplication_test.cu(104): warning: variable "A" was declared but never referenced

../src/multiplication_test.cu(104): warning: variable "B" was declared but never referenced

../src/multiplication_test.cu(104): warning: variable "result" was declared but never referenced

Finished building: ../src/multiplication_test.cu
 
Building target: multiplication_test
Invoking: NVCC Linker
/usr/local/cuda-10.1/bin/nvcc --cudart static --relocatable-device-code=false -gencode arch=compute_35,code=compute_35 -gencode arch=compute_35,code=sm_35 -gencode arch=compute_75,code=sm_75 -link -o  "multiplication_test"  ./src/multiplication_test.o   
Finished building target: multiplication_test
 
22:06:17 **** Incremental Build of configuration Debug for project multiplication_test ****
make all 
Building file: ../src/multiplication_test.cu
Invoking: NVCC Compiler
/usr/local/cuda-10.1/bin/nvcc -G -g -O0 -std=c++11 -gencode arch=compute_35,code=sm_35 -gencode arch=compute_75,code=sm_75  -odir "src" -M -o "src/multiplication_test.d" "../src/multiplication_test.cu"
/usr/local/cuda-10.1/bin/nvcc -G -g -O0 -std=c++11 --compile --relocatable-device-code=false -gencode arch=compute_35,code=compute_35 -gencode arch=compute_35,code=sm_35 -gencode arch=compute_75,code=sm_75  -x cu -o  "src/multiplication_test.o" "../src/multiplication_test.cu"
../src/multiplication_test.cu(104): warning: variable "A" was declared but never referenced

../src/multiplication_test.cu(104): warning: variable "B" was declared but never referenced

../src/multiplication_test.cu(104): warning: variable "result" was declared but never referenced

../src/multiplication_test.cu(104): warning: variable "A" was declared but never referenced

../src/multiplication_test.cu(104): warning: variable "B" was declared but never referenced

../src/multiplication_test.cu(104): warning: variable "result" was declared but never referenced

Finished building: ../src/multiplication_test.cu
 
Building target: multiplication_test
Invoking: NVCC Linker
/usr/local/cuda-10.1/bin/nvcc --cudart static --relocatable-device-code=false -gencode arch=compute_35,code=compute_35 -gencode arch=compute_35,code=sm_35 -gencode arch=compute_75,code=sm_75 -link -o  "multiplication_test"  ./src/multiplication_test.o   
Finished building target: multiplication_test
 
22:14:52 **** Incremental Build of configuration Debug for project multiplication_test ****
make all 
Building file: ../src/multiplication_test.cu
Invoking: NVCC Compiler
/usr/local/cuda-10.1/bin/nvcc -G -g -O0 -std=c++11 -gencode arch=compute_35,code=sm_35 -gencode arch=compute_75,code=sm_75  -odir "src" -M -o "src/multiplication_test.d" "../src/multiplication_test.cu"
/usr/local/cuda-10.1/bin/nvcc -G -g -O0 -std=c++11 --compile --relocatable-device-code=false -gencode arch=compute_35,code=compute_35 -gencode arch=compute_35,code=sm_35 -gencode arch=compute_75,code=sm_75  -x cu -o  "src/multiplication_test.o" "../src/multiplication_test.cu"
../src/multiplication_test.cu(104): warning: variable "A" was declared but never referenced

../src/multiplication_test.cu(104): warning: variable "B" was declared but never referenced

../src/multiplication_test.cu(104): warning: variable "result" was declared but never referenced

../src/multiplication_test.cu(104): warning: variable "A" was declared but never referenced

../src/multiplication_test.cu(104): warning: variable "B" was declared but never referenced

../src/multiplication_test.cu(104): warning: variable "result" was declared but never referenced

Finished building: ../src/multiplication_test.cu
 
Building target: multiplication_test
Invoking: NVCC Linker
/usr/local/cuda-10.1/bin/nvcc --cudart static --relocatable-device-code=false -gencode arch=compute_35,code=compute_35 -gencode arch=compute_35,code=sm_35 -gencode arch=compute_75,code=sm_75 -link -o  "multiplication_test"  ./src/multiplication_test.o   
Finished building target: multiplication_test
 
22:22:58 **** Incremental Build of configuration Debug for project multiplication_test ****
make all 
Building file: ../src/multiplication_test.cu
Invoking: NVCC Compiler
/usr/local/cuda-10.1/bin/nvcc -G -g -O0 -std=c++11 -gencode arch=compute_35,code=sm_35 -gencode arch=compute_75,code=sm_75  -odir "src" -M -o "src/multiplication_test.d" "../src/multiplication_test.cu"
/usr/local/cuda-10.1/bin/nvcc -G -g -O0 -std=c++11 --compile --relocatable-device-code=false -gencode arch=compute_35,code=compute_35 -gencode arch=compute_35,code=sm_35 -gencode arch=compute_75,code=sm_75  -x cu -o  "src/multiplication_test.o" "../src/multiplication_test.cu"
../src/multiplication_test.cu(155): error: unrecognized token

../src/multiplication_test.cu(155): error: identifier "dim3\u00c2" is undefined

../src/multiplication_test.cu(155): error: expected a ";"

../src/multiplication_test.cu(156): error: identifier "number_of_blocks" is undefined

../src/multiplication_test.cu(108): warning: variable "A" was declared but never referenced

../src/multiplication_test.cu(108): warning: variable "B" was declared but never referenced

../src/multiplication_test.cu(108): warning: variable "result" was declared but never referenced

4 errors detected in the compilation of "/tmp/tmpxft_00005d05_00000000-7_multiplication_test.compute_75.cpp1.ii".
make: *** [src/multiplication_test.o] Error 1
22:24:27 **** Incremental Build of configuration Debug for project multiplication_test ****
make all 
Building file: ../src/multiplication_test.cu
Invoking: NVCC Compiler
/usr/local/cuda-10.1/bin/nvcc -G -g -O0 -std=c++11 -gencode arch=compute_35,code=sm_35 -gencode arch=compute_75,code=sm_75  -odir "src" -M -o "src/multiplication_test.d" "../src/multiplication_test.cu"
/usr/local/cuda-10.1/bin/nvcc -G -g -O0 -std=c++11 --compile --relocatable-device-code=false -gencode arch=compute_35,code=compute_35 -gencode arch=compute_35,code=sm_35 -gencode arch=compute_75,code=sm_75  -x cu -o  "src/multiplication_test.o" "../src/multiplication_test.cu"
../src/multiplication_test.cu(155): error: unrecognized token

../src/multiplication_test.cu(155): error: identifier "dim3\u00c2" is undefined

../src/multiplication_test.cu(155): error: expected a ";"

../src/multiplication_test.cu(156): error: identifier "number_of_blocks" is undefined

../src/multiplication_test.cu(108): warning: variable "A" was declared but never referenced

../src/multiplication_test.cu(108): warning: variable "B" was declared but never referenced

../src/multiplication_test.cu(108): warning: variable "result" was declared but never referenced

4 errors detected in the compilation of "/tmp/tmpxft_00005dbf_00000000-7_multiplication_test.compute_75.cpp1.ii".
make: *** [src/multiplication_test.o] Error 1
22:25:19 **** Incremental Build of configuration Debug for project multiplication_test ****
make all 
Building file: ../src/multiplication_test.cu
Invoking: NVCC Compiler
/usr/local/cuda-10.1/bin/nvcc -G -g -O0 -std=c++11 -gencode arch=compute_35,code=sm_35 -gencode arch=compute_75,code=sm_75  -odir "src" -M -o "src/multiplication_test.d" "../src/multiplication_test.cu"
/usr/local/cuda-10.1/bin/nvcc -G -g -O0 -std=c++11 --compile --relocatable-device-code=false -gencode arch=compute_35,code=compute_35 -gencode arch=compute_35,code=sm_35 -gencode arch=compute_75,code=sm_75  -x cu -o  "src/multiplication_test.o" "../src/multiplication_test.cu"
../src/multiplication_test.cu(108): warning: variable "A" was declared but never referenced

../src/multiplication_test.cu(108): warning: variable "B" was declared but never referenced

../src/multiplication_test.cu(108): warning: variable "result" was declared but never referenced

../src/multiplication_test.cu(108): warning: variable "A" was declared but never referenced

../src/multiplication_test.cu(108): warning: variable "B" was declared but never referenced

../src/multiplication_test.cu(108): warning: variable "result" was declared but never referenced

Finished building: ../src/multiplication_test.cu
 
Building target: multiplication_test
Invoking: NVCC Linker
/usr/local/cuda-10.1/bin/nvcc --cudart static --relocatable-device-code=false -gencode arch=compute_35,code=compute_35 -gencode arch=compute_35,code=sm_35 -gencode arch=compute_75,code=sm_75 -link -o  "multiplication_test"  ./src/multiplication_test.o   
Finished building target: multiplication_test
 
22:35:45 **** Incremental Build of configuration Debug for project multiplication_test ****
make all 
Building file: ../src/multiplication_test.cu
Invoking: NVCC Compiler
/usr/local/cuda-10.1/bin/nvcc -G -g -O0 -std=c++11 -gencode arch=compute_35,code=sm_35 -gencode arch=compute_75,code=sm_75  -odir "src" -M -o "src/multiplication_test.d" "../src/multiplication_test.cu"
/usr/local/cuda-10.1/bin/nvcc -G -g -O0 -std=c++11 --compile --relocatable-device-code=false -gencode arch=compute_35,code=compute_35 -gencode arch=compute_35,code=sm_35 -gencode arch=compute_75,code=sm_75  -x cu -o  "src/multiplication_test.o" "../src/multiplication_test.cu"
../src/multiplication_test.cu(108): warning: variable "A" was declared but never referenced

../src/multiplication_test.cu(108): warning: variable "B" was declared but never referenced

../src/multiplication_test.cu(108): warning: variable "result" was declared but never referenced

../src/multiplication_test.cu(108): warning: variable "A" was declared but never referenced

../src/multiplication_test.cu(108): warning: variable "B" was declared but never referenced

../src/multiplication_test.cu(108): warning: variable "result" was declared but never referenced

Finished building: ../src/multiplication_test.cu
 
Building target: multiplication_test
Invoking: NVCC Linker
/usr/local/cuda-10.1/bin/nvcc --cudart static --relocatable-device-code=false -gencode arch=compute_35,code=compute_35 -gencode arch=compute_35,code=sm_35 -gencode arch=compute_75,code=sm_75 -link -o  "multiplication_test"  ./src/multiplication_test.o   
Finished building target: multiplication_test
 
22:53:44 **** Incremental Build of configuration Debug for project multiplication_test ****
make all 
Building file: ../src/multiplication_test.cu
Invoking: NVCC Compiler
/usr/local/cuda-10.1/bin/nvcc -G -g -O0 -std=c++11 -gencode arch=compute_35,code=sm_35 -gencode arch=compute_75,code=sm_75  -odir "src" -M -o "src/multiplication_test.d" "../src/multiplication_test.cu"
/usr/local/cuda-10.1/bin/nvcc -G -g -O0 -std=c++11 --compile --relocatable-device-code=false -gencode arch=compute_35,code=compute_35 -gencode arch=compute_35,code=sm_35 -gencode arch=compute_75,code=sm_75  -x cu -o  "src/multiplication_test.o" "../src/multiplication_test.cu"
../src/multiplication_test.cu(109): warning: variable "A" was declared but never referenced

../src/multiplication_test.cu(109): warning: variable "B" was declared but never referenced

../src/multiplication_test.cu(109): warning: variable "result" was declared but never referenced

../src/multiplication_test.cu(109): warning: variable "A" was declared but never referenced

../src/multiplication_test.cu(109): warning: variable "B" was declared but never referenced

../src/multiplication_test.cu(109): warning: variable "result" was declared but never referenced

Finished building: ../src/multiplication_test.cu
 
Building target: multiplication_test
Invoking: NVCC Linker
/usr/local/cuda-10.1/bin/nvcc --cudart static --relocatable-device-code=false -gencode arch=compute_35,code=compute_35 -gencode arch=compute_35,code=sm_35 -gencode arch=compute_75,code=sm_75 -link -o  "multiplication_test"  ./src/multiplication_test.o   
Finished building target: multiplication_test
 
22:58:30 **** Incremental Build of configuration Debug for project multiplication_test ****
make all 
Building file: ../src/multiplication_test.cu
Invoking: NVCC Compiler
/usr/local/cuda-10.1/bin/nvcc -G -g -O0 -std=c++11 -gencode arch=compute_35,code=sm_35 -gencode arch=compute_75,code=sm_75  -odir "src" -M -o "src/multiplication_test.d" "../src/multiplication_test.cu"
/usr/local/cuda-10.1/bin/nvcc -G -g -O0 -std=c++11 --compile --relocatable-device-code=false -gencode arch=compute_35,code=compute_35 -gencode arch=compute_35,code=sm_35 -gencode arch=compute_75,code=sm_75  -x cu -o  "src/multiplication_test.o" "../src/multiplication_test.cu"
Finished building: ../src/multiplication_test.cu
 
Building target: multiplication_test
Invoking: NVCC Linker
/usr/local/cuda-10.1/bin/nvcc --cudart static --relocatable-device-code=false -gencode arch=compute_35,code=compute_35 -gencode arch=compute_35,code=sm_35 -gencode arch=compute_75,code=sm_75 -link -o  "multiplication_test"  ./src/multiplication_test.o   
Finished building target: multiplication_test
 
23:00:36 **** Incremental Build of configuration Debug for project multiplication_test ****
make all 
make: Nothing to be done for `all'.
23:01:36 **** Incremental Build of configuration Debug for project multiplication_test ****
make all 
Building file: ../src/multiplication_test.cu
Invoking: NVCC Compiler
/usr/local/cuda-10.1/bin/nvcc -G -g -O0 -std=c++11 -gencode arch=compute_35,code=sm_35 -gencode arch=compute_75,code=sm_75  -odir "src" -M -o "src/multiplication_test.d" "../src/multiplication_test.cu"
/usr/local/cuda-10.1/bin/nvcc -G -g -O0 -std=c++11 --compile --relocatable-device-code=false -gencode arch=compute_35,code=compute_35 -gencode arch=compute_35,code=sm_35 -gencode arch=compute_75,code=sm_75  -x cu -o  "src/multiplication_test.o" "../src/multiplication_test.cu"
Finished building: ../src/multiplication_test.cu
 
Building target: multiplication_test
Invoking: NVCC Linker
/usr/local/cuda-10.1/bin/nvcc --cudart static --relocatable-device-code=false -gencode arch=compute_35,code=compute_35 -gencode arch=compute_35,code=sm_35 -gencode arch=compute_75,code=sm_75 -link -o  "multiplication_test"  ./src/multiplication_test.o   
Finished building target: multiplication_test
 
14:01:08 **** Incremental Build of configuration Debug for project multiplication_test ****
make all 
make: Nothing to be done for `all'.
14:03:26 **** Incremental Build of configuration Debug for project multiplication_test ****
make all 
Building file: ../src/multiplication_test.cu
Invoking: NVCC Compiler
/usr/local/cuda-10.1/bin/nvcc -G -g -O0 -std=c++11 -gencode arch=compute_35,code=sm_35 -gencode arch=compute_75,code=sm_75  -odir "src" -M -o "src/multiplication_test.d" "../src/multiplication_test.cu"
/usr/local/cuda-10.1/bin/nvcc -G -g -O0 -std=c++11 --compile --relocatable-device-code=false -gencode arch=compute_35,code=compute_35 -gencode arch=compute_35,code=sm_35 -gencode arch=compute_75,code=sm_75  -x cu -o  "src/multiplication_test.o" "../src/multiplication_test.cu"
Finished building: ../src/multiplication_test.cu
 
Building target: multiplication_test
Invoking: NVCC Linker
/usr/local/cuda-10.1/bin/nvcc --cudart static --relocatable-device-code=false -gencode arch=compute_35,code=compute_35 -gencode arch=compute_35,code=sm_35 -gencode arch=compute_75,code=sm_75 -link -o  "multiplication_test"  ./src/multiplication_test.o   
Finished building target: multiplication_test
 
14:07:35 **** Incremental Build of configuration Debug for project multiplication_test ****
make all 
Building file: ../src/multiplication_test.cu
Invoking: NVCC Compiler
/usr/local/cuda-10.1/bin/nvcc -G -g -O0 -std=c++11 -gencode arch=compute_35,code=sm_35 -gencode arch=compute_75,code=sm_75  -odir "src" -M -o "src/multiplication_test.d" "../src/multiplication_test.cu"
/usr/local/cuda-10.1/bin/nvcc -G -g -O0 -std=c++11 --compile --relocatable-device-code=false -gencode arch=compute_35,code=compute_35 -gencode arch=compute_35,code=sm_35 -gencode arch=compute_75,code=sm_75  -x cu -o  "src/multiplication_test.o" "../src/multiplication_test.cu"
../src/multiplication_test.cu(108): warning: variable "A" was declared but never referenced

../src/multiplication_test.cu(108): warning: variable "B" was declared but never referenced

../src/multiplication_test.cu(108): warning: variable "result" was declared but never referenced

../src/multiplication_test.cu(108): warning: variable "A" was declared but never referenced

../src/multiplication_test.cu(108): warning: variable "B" was declared but never referenced

../src/multiplication_test.cu(108): warning: variable "result" was declared but never referenced

Finished building: ../src/multiplication_test.cu
 
Building target: multiplication_test
Invoking: NVCC Linker
/usr/local/cuda-10.1/bin/nvcc --cudart static --relocatable-device-code=false -gencode arch=compute_35,code=compute_35 -gencode arch=compute_35,code=sm_35 -gencode arch=compute_75,code=sm_75 -link -o  "multiplication_test"  ./src/multiplication_test.o   
Finished building target: multiplication_test
 
14:19:32 **** Incremental Build of configuration Debug for project multiplication_test ****
make all 
Building file: ../src/multiplication_test.cu
Invoking: NVCC Compiler
/usr/local/cuda-10.1/bin/nvcc -G -g -O0 -std=c++11 -gencode arch=compute_35,code=sm_35 -gencode arch=compute_75,code=sm_75  -odir "src" -M -o "src/multiplication_test.d" "../src/multiplication_test.cu"
/usr/local/cuda-10.1/bin/nvcc -G -g -O0 -std=c++11 --compile --relocatable-device-code=false -gencode arch=compute_35,code=compute_35 -gencode arch=compute_35,code=sm_35 -gencode arch=compute_75,code=sm_75  -x cu -o  "src/multiplication_test.o" "../src/multiplication_test.cu"
Finished building: ../src/multiplication_test.cu
 
Building target: multiplication_test
Invoking: NVCC Linker
/usr/local/cuda-10.1/bin/nvcc --cudart static --relocatable-device-code=false -gencode arch=compute_35,code=compute_35 -gencode arch=compute_35,code=sm_35 -gencode arch=compute_75,code=sm_75 -link -o  "multiplication_test"  ./src/multiplication_test.o   
Finished building target: multiplication_test
 
14:21:43 **** Incremental Build of configuration Debug for project multiplication_test ****
make all 
Building file: ../src/multiplication_test.cu
Invoking: NVCC Compiler
/usr/local/cuda-10.1/bin/nvcc -G -g -O0 -std=c++11 -gencode arch=compute_35,code=sm_35 -gencode arch=compute_75,code=sm_75  -odir "src" -M -o "src/multiplication_test.d" "../src/multiplication_test.cu"
/usr/local/cuda-10.1/bin/nvcc -G -g -O0 -std=c++11 --compile --relocatable-device-code=false -gencode arch=compute_35,code=compute_35 -gencode arch=compute_35,code=sm_35 -gencode arch=compute_75,code=sm_75  -x cu -o  "src/multiplication_test.o" "../src/multiplication_test.cu"
Finished building: ../src/multiplication_test.cu
 
Building target: multiplication_test
Invoking: NVCC Linker
/usr/local/cuda-10.1/bin/nvcc --cudart static --relocatable-device-code=false -gencode arch=compute_35,code=compute_35 -gencode arch=compute_35,code=sm_35 -gencode arch=compute_75,code=sm_75 -link -o  "multiplication_test"  ./src/multiplication_test.o   
Finished building target: multiplication_test
 
14:25:32 **** Incremental Build of configuration Debug for project multiplication_test ****
make all 
Building file: ../src/multiplication_test.cu
Invoking: NVCC Compiler
/usr/local/cuda-10.1/bin/nvcc -G -g -O0 -std=c++11 -gencode arch=compute_35,code=sm_35 -gencode arch=compute_75,code=sm_75  -odir "src" -M -o "src/multiplication_test.d" "../src/multiplication_test.cu"
/usr/local/cuda-10.1/bin/nvcc -G -g -O0 -std=c++11 --compile --relocatable-device-code=false -gencode arch=compute_35,code=compute_35 -gencode arch=compute_35,code=sm_35 -gencode arch=compute_75,code=sm_75  -x cu -o  "src/multiplication_test.o" "../src/multiplication_test.cu"
Finished building: ../src/multiplication_test.cu
 
Building target: multiplication_test
Invoking: NVCC Linker
/usr/local/cuda-10.1/bin/nvcc --cudart static --relocatable-device-code=false -gencode arch=compute_35,code=compute_35 -gencode arch=compute_35,code=sm_35 -gencode arch=compute_75,code=sm_75 -link -o  "multiplication_test"  ./src/multiplication_test.o   
Finished building target: multiplication_test
 
14:26:40 **** Incremental Build of configuration Debug for project multiplication_test ****
make all 
Building file: ../src/multiplication_test.cu
Invoking: NVCC Compiler
/usr/local/cuda-10.1/bin/nvcc -G -g -O0 -std=c++11 -gencode arch=compute_35,code=sm_35 -gencode arch=compute_75,code=sm_75  -odir "src" -M -o "src/multiplication_test.d" "../src/multiplication_test.cu"
/usr/local/cuda-10.1/bin/nvcc -G -g -O0 -std=c++11 --compile --relocatable-device-code=false -gencode arch=compute_35,code=compute_35 -gencode arch=compute_35,code=sm_35 -gencode arch=compute_75,code=sm_75  -x cu -o  "src/multiplication_test.o" "../src/multiplication_test.cu"
Finished building: ../src/multiplication_test.cu
 
Building target: multiplication_test
Invoking: NVCC Linker
/usr/local/cuda-10.1/bin/nvcc --cudart static --relocatable-device-code=false -gencode arch=compute_35,code=compute_35 -gencode arch=compute_35,code=sm_35 -gencode arch=compute_75,code=sm_75 -link -o  "multiplication_test"  ./src/multiplication_test.o   
Finished building target: multiplication_test
 
14:27:37 **** Incremental Build of configuration Debug for project multiplication_test ****
make all 
make: Nothing to be done for `all'.
14:44:20 **** Incremental Build of configuration Debug for project multiplication_test ****
make all 
Building file: ../src/multiplication_test.cu
Invoking: NVCC Compiler
/usr/local/cuda-10.1/bin/nvcc -G -g -O0 -std=c++11 -gencode arch=compute_35,code=sm_35 -gencode arch=compute_75,code=sm_75  -odir "src" -M -o "src/multiplication_test.d" "../src/multiplication_test.cu"
/usr/local/cuda-10.1/bin/nvcc -G -g -O0 -std=c++11 --compile --relocatable-device-code=false -gencode arch=compute_35,code=compute_35 -gencode arch=compute_35,code=sm_35 -gencode arch=compute_75,code=sm_75  -x cu -o  "src/multiplication_test.o" "../src/multiplication_test.cu"
Finished building: ../src/multiplication_test.cu
 
Building target: multiplication_test
Invoking: NVCC Linker
/usr/local/cuda-10.1/bin/nvcc --cudart static --relocatable-device-code=false -gencode arch=compute_35,code=compute_35 -gencode arch=compute_35,code=sm_35 -gencode arch=compute_75,code=sm_75 -link -o  "multiplication_test"  ./src/multiplication_test.o   
Finished building target: multiplication_test
 
14:45:05 **** Incremental Build of configuration Debug for project multiplication_test ****
make all 
Building file: ../src/multiplication_test.cu
Invoking: NVCC Compiler
/usr/local/cuda-10.1/bin/nvcc -G -g -O0 -std=c++11 -gencode arch=compute_35,code=sm_35 -gencode arch=compute_75,code=sm_75  -odir "src" -M -o "src/multiplication_test.d" "../src/multiplication_test.cu"
/usr/local/cuda-10.1/bin/nvcc -G -g -O0 -std=c++11 --compile --relocatable-device-code=false -gencode arch=compute_35,code=compute_35 -gencode arch=compute_35,code=sm_35 -gencode arch=compute_75,code=sm_75  -x cu -o  "src/multiplication_test.o" "../src/multiplication_test.cu"
Finished building: ../src/multiplication_test.cu
 
Building target: multiplication_test
Invoking: NVCC Linker
/usr/local/cuda-10.1/bin/nvcc --cudart static --relocatable-device-code=false -gencode arch=compute_35,code=compute_35 -gencode arch=compute_35,code=sm_35 -gencode arch=compute_75,code=sm_75 -link -o  "multiplication_test"  ./src/multiplication_test.o   
Finished building target: multiplication_test
 
14:46:17 **** Incremental Build of configuration Debug for project multiplication_test ****
make all 
Building file: ../src/multiplication_test.cu
Invoking: NVCC Compiler
/usr/local/cuda-10.1/bin/nvcc -G -g -O0 -std=c++11 -gencode arch=compute_35,code=sm_35 -gencode arch=compute_75,code=sm_75  -odir "src" -M -o "src/multiplication_test.d" "../src/multiplication_test.cu"
/usr/local/cuda-10.1/bin/nvcc -G -g -O0 -std=c++11 --compile --relocatable-device-code=false -gencode arch=compute_35,code=compute_35 -gencode arch=compute_35,code=sm_35 -gencode arch=compute_75,code=sm_75  -x cu -o  "src/multiplication_test.o" "../src/multiplication_test.cu"
Finished building: ../src/multiplication_test.cu
 
Building target: multiplication_test
Invoking: NVCC Linker
/usr/local/cuda-10.1/bin/nvcc --cudart static --relocatable-device-code=false -gencode arch=compute_35,code=compute_35 -gencode arch=compute_35,code=sm_35 -gencode arch=compute_75,code=sm_75 -link -o  "multiplication_test"  ./src/multiplication_test.o   
Finished building target: multiplication_test
 
14:49:21 **** Incremental Build of configuration Debug for project multiplication_test ****
make all 
Building file: ../src/multiplication_test.cu
Invoking: NVCC Compiler
/usr/local/cuda-10.1/bin/nvcc -G -g -O0 -std=c++11 -gencode arch=compute_35,code=sm_35 -gencode arch=compute_75,code=sm_75  -odir "src" -M -o "src/multiplication_test.d" "../src/multiplication_test.cu"
/usr/local/cuda-10.1/bin/nvcc -G -g -O0 -std=c++11 --compile --relocatable-device-code=false -gencode arch=compute_35,code=compute_35 -gencode arch=compute_35,code=sm_35 -gencode arch=compute_75,code=sm_75  -x cu -o  "src/multiplication_test.o" "../src/multiplication_test.cu"
Finished building: ../src/multiplication_test.cu
 
Building target: multiplication_test
Invoking: NVCC Linker
/usr/local/cuda-10.1/bin/nvcc --cudart static --relocatable-device-code=false -gencode arch=compute_35,code=compute_35 -gencode arch=compute_35,code=sm_35 -gencode arch=compute_75,code=sm_75 -link -o  "multiplication_test"  ./src/multiplication_test.o   
Finished building target: multiplication_test
 
14:49:23 **** Incremental Build of configuration Debug for project multiplication_test ****
make all 
make: Nothing to be done for `all'.
14:51:31 **** Incremental Build of configuration Debug for project multiplication_test ****
make all 
Building file: ../src/multiplication_test.cu
Invoking: NVCC Compiler
/usr/local/cuda-10.1/bin/nvcc -G -g -O0 -std=c++11 -gencode arch=compute_35,code=sm_35 -gencode arch=compute_75,code=sm_75  -odir "src" -M -o "src/multiplication_test.d" "../src/multiplication_test.cu"
/usr/local/cuda-10.1/bin/nvcc -G -g -O0 -std=c++11 --compile --relocatable-device-code=false -gencode arch=compute_35,code=compute_35 -gencode arch=compute_35,code=sm_35 -gencode arch=compute_75,code=sm_75  -x cu -o  "src/multiplication_test.o" "../src/multiplication_test.cu"
Finished building: ../src/multiplication_test.cu
 
Building target: multiplication_test
Invoking: NVCC Linker
/usr/local/cuda-10.1/bin/nvcc --cudart static --relocatable-device-code=false -gencode arch=compute_35,code=compute_35 -gencode arch=compute_35,code=sm_35 -gencode arch=compute_75,code=sm_75 -link -o  "multiplication_test"  ./src/multiplication_test.o   
Finished building target: multiplication_test
 
15:29:18 **** Incremental Build of configuration Debug for project multiplication_test ****
make all 
Building file: ../src/multiplication_test.cu
Invoking: NVCC Compiler
/usr/local/cuda-10.1/bin/nvcc -G -g -O0 -std=c++11 -gencode arch=compute_35,code=sm_35 -gencode arch=compute_75,code=sm_75  -odir "src" -M -o "src/multiplication_test.d" "../src/multiplication_test.cu"
/usr/local/cuda-10.1/bin/nvcc -G -g -O0 -std=c++11 --compile --relocatable-device-code=false -gencode arch=compute_35,code=compute_35 -gencode arch=compute_35,code=sm_35 -gencode arch=compute_75,code=sm_75  -x cu -o  "src/multiplication_test.o" "../src/multiplication_test.cu"
Finished building: ../src/multiplication_test.cu
 
Building target: multiplication_test
Invoking: NVCC Linker
/usr/local/cuda-10.1/bin/nvcc --cudart static --relocatable-device-code=false -gencode arch=compute_35,code=compute_35 -gencode arch=compute_35,code=sm_35 -gencode arch=compute_75,code=sm_75 -link -o  "multiplication_test"  ./src/multiplication_test.o   
Finished building target: multiplication_test
 
15:33:56 **** Incremental Build of configuration Debug for project multiplication_test ****
make all 
Building file: ../src/multiplication_test.cu
Invoking: NVCC Compiler
/usr/local/cuda-10.1/bin/nvcc -G -g -O0 -std=c++11 -gencode arch=compute_35,code=sm_35 -gencode arch=compute_75,code=sm_75  -odir "src" -M -o "src/multiplication_test.d" "../src/multiplication_test.cu"
/usr/local/cuda-10.1/bin/nvcc -G -g -O0 -std=c++11 --compile --relocatable-device-code=false -gencode arch=compute_35,code=compute_35 -gencode arch=compute_35,code=sm_35 -gencode arch=compute_75,code=sm_75  -x cu -o  "src/multiplication_test.o" "../src/multiplication_test.cu"
Finished building: ../src/multiplication_test.cu
 
Building target: multiplication_test
Invoking: NVCC Linker
/usr/local/cuda-10.1/bin/nvcc --cudart static --relocatable-device-code=false -gencode arch=compute_35,code=compute_35 -gencode arch=compute_35,code=sm_35 -gencode arch=compute_75,code=sm_75 -link -o  "multiplication_test"  ./src/multiplication_test.o   
Finished building target: multiplication_test
 
15:37:10 **** Incremental Build of configuration Debug for project multiplication_test ****
make all 
Building file: ../src/multiplication_test.cu
Invoking: NVCC Compiler
/usr/local/cuda-10.1/bin/nvcc -G -g -O0 -std=c++11 -gencode arch=compute_35,code=sm_35 -gencode arch=compute_75,code=sm_75  -odir "src" -M -o "src/multiplication_test.d" "../src/multiplication_test.cu"
/usr/local/cuda-10.1/bin/nvcc -G -g -O0 -std=c++11 --compile --relocatable-device-code=false -gencode arch=compute_35,code=compute_35 -gencode arch=compute_35,code=sm_35 -gencode arch=compute_75,code=sm_75  -x cu -o  "src/multiplication_test.o" "../src/multiplication_test.cu"
Finished building: ../src/multiplication_test.cu
 
Building target: multiplication_test
Invoking: NVCC Linker
/usr/local/cuda-10.1/bin/nvcc --cudart static --relocatable-device-code=false -gencode arch=compute_35,code=compute_35 -gencode arch=compute_35,code=sm_35 -gencode arch=compute_75,code=sm_75 -link -o  "multiplication_test"  ./src/multiplication_test.o   
Finished building target: multiplication_test
 
15:38:27 **** Incremental Build of configuration Debug for project multiplication_test ****
make all 
Building file: ../src/multiplication_test.cu
Invoking: NVCC Compiler
/usr/local/cuda-10.1/bin/nvcc -G -g -O0 -std=c++11 -gencode arch=compute_35,code=sm_35 -gencode arch=compute_75,code=sm_75  -odir "src" -M -o "src/multiplication_test.d" "../src/multiplication_test.cu"
/usr/local/cuda-10.1/bin/nvcc -G -g -O0 -std=c++11 --compile --relocatable-device-code=false -gencode arch=compute_35,code=compute_35 -gencode arch=compute_35,code=sm_35 -gencode arch=compute_75,code=sm_75  -x cu -o  "src/multiplication_test.o" "../src/multiplication_test.cu"
Finished building: ../src/multiplication_test.cu
 
Building target: multiplication_test
Invoking: NVCC Linker
/usr/local/cuda-10.1/bin/nvcc --cudart static --relocatable-device-code=false -gencode arch=compute_35,code=compute_35 -gencode arch=compute_35,code=sm_35 -gencode arch=compute_75,code=sm_75 -link -o  "multiplication_test"  ./src/multiplication_test.o   
Finished building target: multiplication_test
 
15:38:29 **** Incremental Build of configuration Debug for project multiplication_test ****
make all 
make: Nothing to be done for `all'.
18:19:50 **** Incremental Build of configuration Debug for project multiplication_test ****
make all 
make: Nothing to be done for `all'.
18:42:09 **** Incremental Build of configuration Debug for project multiplication_test ****
make all 
Building file: ../src/multiplication_test.cu
Invoking: NVCC Compiler
/usr/local/cuda-10.1/bin/nvcc -G -g -O0 -std=c++11 -gencode arch=compute_35,code=sm_35 -gencode arch=compute_75,code=sm_75  -odir "src" -M -o "src/multiplication_test.d" "../src/multiplication_test.cu"
/usr/local/cuda-10.1/bin/nvcc -G -g -O0 -std=c++11 --compile --relocatable-device-code=false -gencode arch=compute_35,code=compute_35 -gencode arch=compute_35,code=sm_35 -gencode arch=compute_75,code=sm_75  -x cu -o  "src/multiplication_test.o" "../src/multiplication_test.cu"
Finished building: ../src/multiplication_test.cu
 
Building target: multiplication_test
Invoking: NVCC Linker
/usr/local/cuda-10.1/bin/nvcc --cudart static --relocatable-device-code=false -gencode arch=compute_35,code=compute_35 -gencode arch=compute_35,code=sm_35 -gencode arch=compute_75,code=sm_75 -link -o  "multiplication_test"  ./src/multiplication_test.o   
Finished building target: multiplication_test
 
18:46:15 **** Incremental Build of configuration Debug for project multiplication_test ****
make all 
Building file: ../src/multiplication_test.cu
Invoking: NVCC Compiler
/usr/local/cuda-10.1/bin/nvcc -G -g -O0 -std=c++11 -gencode arch=compute_35,code=sm_35 -gencode arch=compute_75,code=sm_75  -odir "src" -M -o "src/multiplication_test.d" "../src/multiplication_test.cu"
/usr/local/cuda-10.1/bin/nvcc -G -g -O0 -std=c++11 --compile --relocatable-device-code=false -gencode arch=compute_35,code=compute_35 -gencode arch=compute_35,code=sm_35 -gencode arch=compute_75,code=sm_75  -x cu -o  "src/multiplication_test.o" "../src/multiplication_test.cu"
Finished building: ../src/multiplication_test.cu
 
Building target: multiplication_test
Invoking: NVCC Linker
/usr/local/cuda-10.1/bin/nvcc --cudart static --relocatable-device-code=false -gencode arch=compute_35,code=compute_35 -gencode arch=compute_35,code=sm_35 -gencode arch=compute_75,code=sm_75 -link -o  "multiplication_test"  ./src/multiplication_test.o   
Finished building target: multiplication_test
 
18:53:49 **** Incremental Build of configuration Debug for project multiplication_test ****
make all 
Building file: ../src/multiplication_test.cu
Invoking: NVCC Compiler
/usr/local/cuda-10.1/bin/nvcc -G -g -O0 -std=c++11 -gencode arch=compute_35,code=sm_35 -gencode arch=compute_75,code=sm_75  -odir "src" -M -o "src/multiplication_test.d" "../src/multiplication_test.cu"
/usr/local/cuda-10.1/bin/nvcc -G -g -O0 -std=c++11 --compile --relocatable-device-code=false -gencode arch=compute_35,code=compute_35 -gencode arch=compute_35,code=sm_35 -gencode arch=compute_75,code=sm_75  -x cu -o  "src/multiplication_test.o" "../src/multiplication_test.cu"
../src/multiplication_test.cu(49): error: identifier "C" is undefined

../src/multiplication_test.cu(38): warning: variable "stride" was declared but never referenced

1 error detected in the compilation of "/tmp/tmpxft_00002123_00000000-7_multiplication_test.compute_75.cpp1.ii".
make: *** [src/multiplication_test.o] Error 1
18:54:45 **** Incremental Build of configuration Debug for project multiplication_test ****
make all 
Building file: ../src/multiplication_test.cu
Invoking: NVCC Compiler
/usr/local/cuda-10.1/bin/nvcc -G -g -O0 -std=c++11 -gencode arch=compute_35,code=sm_35 -gencode arch=compute_75,code=sm_75  -odir "src" -M -o "src/multiplication_test.d" "../src/multiplication_test.cu"
/usr/local/cuda-10.1/bin/nvcc -G -g -O0 -std=c++11 --compile --relocatable-device-code=false -gencode arch=compute_35,code=compute_35 -gencode arch=compute_35,code=sm_35 -gencode arch=compute_75,code=sm_75  -x cu -o  "src/multiplication_test.o" "../src/multiplication_test.cu"
Finished building: ../src/multiplication_test.cu
 
Building target: multiplication_test
Invoking: NVCC Linker
/usr/local/cuda-10.1/bin/nvcc --cudart static --relocatable-device-code=false -gencode arch=compute_35,code=compute_35 -gencode arch=compute_35,code=sm_35 -gencode arch=compute_75,code=sm_75 -link -o  "multiplication_test"  ./src/multiplication_test.o   
Finished building target: multiplication_test
 
18:55:39 **** Incremental Build of configuration Debug for project multiplication_test ****
make all 
Building file: ../src/multiplication_test.cu
Invoking: NVCC Compiler
/usr/local/cuda-10.1/bin/nvcc -G -g -O0 -std=c++11 -gencode arch=compute_35,code=sm_35 -gencode arch=compute_75,code=sm_75  -odir "src" -M -o "src/multiplication_test.d" "../src/multiplication_test.cu"
/usr/local/cuda-10.1/bin/nvcc -G -g -O0 -std=c++11 --compile --relocatable-device-code=false -gencode arch=compute_35,code=compute_35 -gencode arch=compute_35,code=sm_35 -gencode arch=compute_75,code=sm_75  -x cu -o  "src/multiplication_test.o" "../src/multiplication_test.cu"
Finished building: ../src/multiplication_test.cu
 
Building target: multiplication_test
Invoking: NVCC Linker
/usr/local/cuda-10.1/bin/nvcc --cudart static --relocatable-device-code=false -gencode arch=compute_35,code=compute_35 -gencode arch=compute_35,code=sm_35 -gencode arch=compute_75,code=sm_75 -link -o  "multiplication_test"  ./src/multiplication_test.o   
Finished building target: multiplication_test
 
18:56:23 **** Incremental Build of configuration Debug for project multiplication_test ****
make all 
Building file: ../src/multiplication_test.cu
Invoking: NVCC Compiler
/usr/local/cuda-10.1/bin/nvcc -G -g -O0 -std=c++11 -gencode arch=compute_35,code=sm_35 -gencode arch=compute_75,code=sm_75  -odir "src" -M -o "src/multiplication_test.d" "../src/multiplication_test.cu"
/usr/local/cuda-10.1/bin/nvcc -G -g -O0 -std=c++11 --compile --relocatable-device-code=false -gencode arch=compute_35,code=compute_35 -gencode arch=compute_35,code=sm_35 -gencode arch=compute_75,code=sm_75  -x cu -o  "src/multiplication_test.o" "../src/multiplication_test.cu"
Finished building: ../src/multiplication_test.cu
 
Building target: multiplication_test
Invoking: NVCC Linker
/usr/local/cuda-10.1/bin/nvcc --cudart static --relocatable-device-code=false -gencode arch=compute_35,code=compute_35 -gencode arch=compute_35,code=sm_35 -gencode arch=compute_75,code=sm_75 -link -o  "multiplication_test"  ./src/multiplication_test.o   
Finished building target: multiplication_test
 
18:57:07 **** Incremental Build of configuration Debug for project multiplication_test ****
make all 
Building file: ../src/multiplication_test.cu
Invoking: NVCC Compiler
/usr/local/cuda-10.1/bin/nvcc -G -g -O0 -std=c++11 -gencode arch=compute_35,code=sm_35 -gencode arch=compute_75,code=sm_75  -odir "src" -M -o "src/multiplication_test.d" "../src/multiplication_test.cu"
/usr/local/cuda-10.1/bin/nvcc -G -g -O0 -std=c++11 --compile --relocatable-device-code=false -gencode arch=compute_35,code=compute_35 -gencode arch=compute_35,code=sm_35 -gencode arch=compute_75,code=sm_75  -x cu -o  "src/multiplication_test.o" "../src/multiplication_test.cu"
Finished building: ../src/multiplication_test.cu
 
Building target: multiplication_test
Invoking: NVCC Linker
/usr/local/cuda-10.1/bin/nvcc --cudart static --relocatable-device-code=false -gencode arch=compute_35,code=compute_35 -gencode arch=compute_35,code=sm_35 -gencode arch=compute_75,code=sm_75 -link -o  "multiplication_test"  ./src/multiplication_test.o   
Finished building target: multiplication_test
 
18:57:48 **** Incremental Build of configuration Debug for project multiplication_test ****
make all 
Building file: ../src/multiplication_test.cu
Invoking: NVCC Compiler
/usr/local/cuda-10.1/bin/nvcc -G -g -O0 -std=c++11 -gencode arch=compute_35,code=sm_35 -gencode arch=compute_75,code=sm_75  -odir "src" -M -o "src/multiplication_test.d" "../src/multiplication_test.cu"
/usr/local/cuda-10.1/bin/nvcc -G -g -O0 -std=c++11 --compile --relocatable-device-code=false -gencode arch=compute_35,code=compute_35 -gencode arch=compute_35,code=sm_35 -gencode arch=compute_75,code=sm_75  -x cu -o  "src/multiplication_test.o" "../src/multiplication_test.cu"
Finished building: ../src/multiplication_test.cu
 
Building target: multiplication_test
Invoking: NVCC Linker
/usr/local/cuda-10.1/bin/nvcc --cudart static --relocatable-device-code=false -gencode arch=compute_35,code=compute_35 -gencode arch=compute_35,code=sm_35 -gencode arch=compute_75,code=sm_75 -link -o  "multiplication_test"  ./src/multiplication_test.o   
Finished building target: multiplication_test
 
18:58:16 **** Incremental Build of configuration Debug for project multiplication_test ****
make all 
Building file: ../src/multiplication_test.cu
Invoking: NVCC Compiler
/usr/local/cuda-10.1/bin/nvcc -G -g -O0 -std=c++11 -gencode arch=compute_35,code=sm_35 -gencode arch=compute_75,code=sm_75  -odir "src" -M -o "src/multiplication_test.d" "../src/multiplication_test.cu"
/usr/local/cuda-10.1/bin/nvcc -G -g -O0 -std=c++11 --compile --relocatable-device-code=false -gencode arch=compute_35,code=compute_35 -gencode arch=compute_35,code=sm_35 -gencode arch=compute_75,code=sm_75  -x cu -o  "src/multiplication_test.o" "../src/multiplication_test.cu"
Finished building: ../src/multiplication_test.cu
 
Building target: multiplication_test
Invoking: NVCC Linker
/usr/local/cuda-10.1/bin/nvcc --cudart static --relocatable-device-code=false -gencode arch=compute_35,code=compute_35 -gencode arch=compute_35,code=sm_35 -gencode arch=compute_75,code=sm_75 -link -o  "multiplication_test"  ./src/multiplication_test.o   
Finished building target: multiplication_test
 
19:02:24 **** Incremental Build of configuration Debug for project multiplication_test ****
make all 
Building file: ../src/multiplication_test.cu
Invoking: NVCC Compiler
/usr/local/cuda-10.1/bin/nvcc -G -g -O0 -std=c++11 -gencode arch=compute_35,code=sm_35 -gencode arch=compute_75,code=sm_75  -odir "src" -M -o "src/multiplication_test.d" "../src/multiplication_test.cu"
/usr/local/cuda-10.1/bin/nvcc -G -g -O0 -std=c++11 --compile --relocatable-device-code=false -gencode arch=compute_35,code=compute_35 -gencode arch=compute_35,code=sm_35 -gencode arch=compute_75,code=sm_75  -x cu -o  "src/multiplication_test.o" "../src/multiplication_test.cu"
Finished building: ../src/multiplication_test.cu
 
Building target: multiplication_test
Invoking: NVCC Linker
/usr/local/cuda-10.1/bin/nvcc --cudart static --relocatable-device-code=false -gencode arch=compute_35,code=compute_35 -gencode arch=compute_35,code=sm_35 -gencode arch=compute_75,code=sm_75 -link -o  "multiplication_test"  ./src/multiplication_test.o   
Finished building target: multiplication_test
 
20:11:25 **** Build of configuration Debug for project gpu_properties ****
make all 
make: Nothing to be done for `all'.
20:16:13 **** Incremental Build of configuration Debug for project multiplication_test ****
make all 
Building file: ../src/multiplication_test.cu
Invoking: NVCC Compiler
/usr/local/cuda-10.1/bin/nvcc -G -g -O0 -std=c++11 -gencode arch=compute_35,code=sm_35 -gencode arch=compute_75,code=sm_75  -odir "src" -M -o "src/multiplication_test.d" "../src/multiplication_test.cu"
/usr/local/cuda-10.1/bin/nvcc -G -g -O0 -std=c++11 --compile --relocatable-device-code=false -gencode arch=compute_35,code=compute_35 -gencode arch=compute_35,code=sm_35 -gencode arch=compute_75,code=sm_75  -x cu -o  "src/multiplication_test.o" "../src/multiplication_test.cu"
Finished building: ../src/multiplication_test.cu
 
Building target: multiplication_test
Invoking: NVCC Linker
/usr/local/cuda-10.1/bin/nvcc --cudart static --relocatable-device-code=false -gencode arch=compute_35,code=compute_35 -gencode arch=compute_35,code=sm_35 -gencode arch=compute_75,code=sm_75 -link -o  "multiplication_test"  ./src/multiplication_test.o   
Finished building target: multiplication_test
 
20:16:53 **** Incremental Build of configuration Debug for project multiplication_test ****
make all 
Building file: ../src/multiplication_test.cu
Invoking: NVCC Compiler
/usr/local/cuda-10.1/bin/nvcc -G -g -O0 -std=c++11 -gencode arch=compute_35,code=sm_35 -gencode arch=compute_75,code=sm_75  -odir "src" -M -o "src/multiplication_test.d" "../src/multiplication_test.cu"
/usr/local/cuda-10.1/bin/nvcc -G -g -O0 -std=c++11 --compile --relocatable-device-code=false -gencode arch=compute_35,code=compute_35 -gencode arch=compute_35,code=sm_35 -gencode arch=compute_75,code=sm_75  -x cu -o  "src/multiplication_test.o" "../src/multiplication_test.cu"
Finished building: ../src/multiplication_test.cu
 
Building target: multiplication_test
Invoking: NVCC Linker
/usr/local/cuda-10.1/bin/nvcc --cudart static --relocatable-device-code=false -gencode arch=compute_35,code=compute_35 -gencode arch=compute_35,code=sm_35 -gencode arch=compute_75,code=sm_75 -link -o  "multiplication_test"  ./src/multiplication_test.o   
Finished building target: multiplication_test
 
20:18:59 **** Incremental Build of configuration Debug for project multiplication_test ****
make all 
Building file: ../src/multiplication_test.cu
Invoking: NVCC Compiler
/usr/local/cuda-10.1/bin/nvcc -G -g -O0 -std=c++11 -gencode arch=compute_35,code=sm_35 -gencode arch=compute_75,code=sm_75  -odir "src" -M -o "src/multiplication_test.d" "../src/multiplication_test.cu"
/usr/local/cuda-10.1/bin/nvcc -G -g -O0 -std=c++11 --compile --relocatable-device-code=false -gencode arch=compute_35,code=compute_35 -gencode arch=compute_35,code=sm_35 -gencode arch=compute_75,code=sm_75  -x cu -o  "src/multiplication_test.o" "../src/multiplication_test.cu"
Finished building: ../src/multiplication_test.cu
 
Building target: multiplication_test
Invoking: NVCC Linker
/usr/local/cuda-10.1/bin/nvcc --cudart static --relocatable-device-code=false -gencode arch=compute_35,code=compute_35 -gencode arch=compute_35,code=sm_35 -gencode arch=compute_75,code=sm_75 -link -o  "multiplication_test"  ./src/multiplication_test.o   
Finished building target: multiplication_test
 
20:23:32 **** Incremental Build of configuration Debug for project multiplication_test ****
make all 
Building file: ../src/multiplication_test.cu
Invoking: NVCC Compiler
/usr/local/cuda-10.1/bin/nvcc -G -g -O0 -std=c++11 -gencode arch=compute_35,code=sm_35 -gencode arch=compute_75,code=sm_75  -odir "src" -M -o "src/multiplication_test.d" "../src/multiplication_test.cu"
/usr/local/cuda-10.1/bin/nvcc -G -g -O0 -std=c++11 --compile --relocatable-device-code=false -gencode arch=compute_35,code=compute_35 -gencode arch=compute_35,code=sm_35 -gencode arch=compute_75,code=sm_75  -x cu -o  "src/multiplication_test.o" "../src/multiplication_test.cu"
Finished building: ../src/multiplication_test.cu
 
Building target: multiplication_test
Invoking: NVCC Linker
/usr/local/cuda-10.1/bin/nvcc --cudart static --relocatable-device-code=false -gencode arch=compute_35,code=compute_35 -gencode arch=compute_35,code=sm_35 -gencode arch=compute_75,code=sm_75 -link -o  "multiplication_test"  ./src/multiplication_test.o   
Finished building target: multiplication_test
 
20:24:58 **** Incremental Build of configuration Debug for project multiplication_test ****
make all 
Building file: ../src/multiplication_test.cu
Invoking: NVCC Compiler
/usr/local/cuda-10.1/bin/nvcc -G -g -O0 -std=c++11 -gencode arch=compute_35,code=sm_35 -gencode arch=compute_75,code=sm_75  -odir "src" -M -o "src/multiplication_test.d" "../src/multiplication_test.cu"
/usr/local/cuda-10.1/bin/nvcc -G -g -O0 -std=c++11 --compile --relocatable-device-code=false -gencode arch=compute_35,code=compute_35 -gencode arch=compute_35,code=sm_35 -gencode arch=compute_75,code=sm_75  -x cu -o  "src/multiplication_test.o" "../src/multiplication_test.cu"
Finished building: ../src/multiplication_test.cu
 
Building target: multiplication_test
Invoking: NVCC Linker
/usr/local/cuda-10.1/bin/nvcc --cudart static --relocatable-device-code=false -gencode arch=compute_35,code=compute_35 -gencode arch=compute_35,code=sm_35 -gencode arch=compute_75,code=sm_75 -link -o  "multiplication_test"  ./src/multiplication_test.o   
Finished building target: multiplication_test
 
20:34:38 **** Incremental Build of configuration Debug for project multiplication_test ****
make all 
Building file: ../src/multiplication_test.cu
Invoking: NVCC Compiler
/usr/local/cuda-10.1/bin/nvcc -G -g -O0 -std=c++11 -gencode arch=compute_35,code=sm_35 -gencode arch=compute_75,code=sm_75  -odir "src" -M -o "src/multiplication_test.d" "../src/multiplication_test.cu"
/usr/local/cuda-10.1/bin/nvcc -G -g -O0 -std=c++11 --compile --relocatable-device-code=false -gencode arch=compute_35,code=compute_35 -gencode arch=compute_35,code=sm_35 -gencode arch=compute_75,code=sm_75  -x cu -o  "src/multiplication_test.o" "../src/multiplication_test.cu"
Finished building: ../src/multiplication_test.cu
 
Building target: multiplication_test
Invoking: NVCC Linker
/usr/local/cuda-10.1/bin/nvcc --cudart static --relocatable-device-code=false -gencode arch=compute_35,code=compute_35 -gencode arch=compute_35,code=sm_35 -gencode arch=compute_75,code=sm_75 -link -o  "multiplication_test"  ./src/multiplication_test.o   
Finished building target: multiplication_test
 
20:45:37 **** Incremental Build of configuration Debug for project multiplication_test ****
make all 
Building file: ../src/multiplication_test.cu
Invoking: NVCC Compiler
/usr/local/cuda-10.1/bin/nvcc -G -g -O0 -std=c++11 -gencode arch=compute_35,code=sm_35 -gencode arch=compute_75,code=sm_75  -odir "src" -M -o "src/multiplication_test.d" "../src/multiplication_test.cu"
/usr/local/cuda-10.1/bin/nvcc -G -g -O0 -std=c++11 --compile --relocatable-device-code=false -gencode arch=compute_35,code=compute_35 -gencode arch=compute_35,code=sm_35 -gencode arch=compute_75,code=sm_75  -x cu -o  "src/multiplication_test.o" "../src/multiplication_test.cu"
Finished building: ../src/multiplication_test.cu
 
Building target: multiplication_test
Invoking: NVCC Linker
/usr/local/cuda-10.1/bin/nvcc --cudart static --relocatable-device-code=false -gencode arch=compute_35,code=compute_35 -gencode arch=compute_35,code=sm_35 -gencode arch=compute_75,code=sm_75 -link -o  "multiplication_test"  ./src/multiplication_test.o   
Finished building target: multiplication_test
 
20:47:56 **** Incremental Build of configuration Debug for project multiplication_test ****
make all 
Building file: ../src/multiplication_test.cu
Invoking: NVCC Compiler
/usr/local/cuda-10.1/bin/nvcc -G -g -O0 -std=c++11 -gencode arch=compute_35,code=sm_35 -gencode arch=compute_75,code=sm_75  -odir "src" -M -o "src/multiplication_test.d" "../src/multiplication_test.cu"
/usr/local/cuda-10.1/bin/nvcc -G -g -O0 -std=c++11 --compile --relocatable-device-code=false -gencode arch=compute_35,code=compute_35 -gencode arch=compute_35,code=sm_35 -gencode arch=compute_75,code=sm_75  -x cu -o  "src/multiplication_test.o" "../src/multiplication_test.cu"
Finished building: ../src/multiplication_test.cu
 
Building target: multiplication_test
Invoking: NVCC Linker
/usr/local/cuda-10.1/bin/nvcc --cudart static --relocatable-device-code=false -gencode arch=compute_35,code=compute_35 -gencode arch=compute_35,code=sm_35 -gencode arch=compute_75,code=sm_75 -link -o  "multiplication_test"  ./src/multiplication_test.o   
Finished building target: multiplication_test
 
20:48:55 **** Incremental Build of configuration Debug for project multiplication_test ****
make all 
Building file: ../src/multiplication_test.cu
Invoking: NVCC Compiler
/usr/local/cuda-10.1/bin/nvcc -G -g -O0 -std=c++11 -gencode arch=compute_35,code=sm_35 -gencode arch=compute_75,code=sm_75  -odir "src" -M -o "src/multiplication_test.d" "../src/multiplication_test.cu"
/usr/local/cuda-10.1/bin/nvcc -G -g -O0 -std=c++11 --compile --relocatable-device-code=false -gencode arch=compute_35,code=compute_35 -gencode arch=compute_35,code=sm_35 -gencode arch=compute_75,code=sm_75  -x cu -o  "src/multiplication_test.o" "../src/multiplication_test.cu"
Finished building: ../src/multiplication_test.cu
 
Building target: multiplication_test
Invoking: NVCC Linker
/usr/local/cuda-10.1/bin/nvcc --cudart static --relocatable-device-code=false -gencode arch=compute_35,code=compute_35 -gencode arch=compute_35,code=sm_35 -gencode arch=compute_75,code=sm_75 -link -o  "multiplication_test"  ./src/multiplication_test.o   
Finished building target: multiplication_test
 
20:58:31 **** Incremental Build of configuration Debug for project multiplication_test ****
make all 
Building file: ../src/multiplication_test.cu
Invoking: NVCC Compiler
/usr/local/cuda-10.1/bin/nvcc -G -g -O0 -std=c++11 -gencode arch=compute_35,code=sm_35 -gencode arch=compute_75,code=sm_75  -odir "src" -M -o "src/multiplication_test.d" "../src/multiplication_test.cu"
/usr/local/cuda-10.1/bin/nvcc -G -g -O0 -std=c++11 --compile --relocatable-device-code=false -gencode arch=compute_35,code=compute_35 -gencode arch=compute_35,code=sm_35 -gencode arch=compute_75,code=sm_75  -x cu -o  "src/multiplication_test.o" "../src/multiplication_test.cu"
Finished building: ../src/multiplication_test.cu
 
Building target: multiplication_test
Invoking: NVCC Linker
/usr/local/cuda-10.1/bin/nvcc --cudart static --relocatable-device-code=false -gencode arch=compute_35,code=compute_35 -gencode arch=compute_35,code=sm_35 -gencode arch=compute_75,code=sm_75 -link -o  "multiplication_test"  ./src/multiplication_test.o   
Finished building target: multiplication_test
 
21:01:27 **** Incremental Build of configuration Debug for project multiplication_test ****
make all 
Building file: ../src/multiplication_test.cu
Invoking: NVCC Compiler
/usr/local/cuda-10.1/bin/nvcc -G -g -O0 -std=c++11 -gencode arch=compute_35,code=sm_35 -gencode arch=compute_75,code=sm_75  -odir "src" -M -o "src/multiplication_test.d" "../src/multiplication_test.cu"
/usr/local/cuda-10.1/bin/nvcc -G -g -O0 -std=c++11 --compile --relocatable-device-code=false -gencode arch=compute_35,code=compute_35 -gencode arch=compute_35,code=sm_35 -gencode arch=compute_75,code=sm_75  -x cu -o  "src/multiplication_test.o" "../src/multiplication_test.cu"
Finished building: ../src/multiplication_test.cu
 
Building target: multiplication_test
Invoking: NVCC Linker
/usr/local/cuda-10.1/bin/nvcc --cudart static --relocatable-device-code=false -gencode arch=compute_35,code=compute_35 -gencode arch=compute_35,code=sm_35 -gencode arch=compute_75,code=sm_75 -link -o  "multiplication_test"  ./src/multiplication_test.o   
Finished building target: multiplication_test
 
21:03:46 **** Incremental Build of configuration Debug for project multiplication_test ****
make all 
Building file: ../src/multiplication_test.cu
Invoking: NVCC Compiler
/usr/local/cuda-10.1/bin/nvcc -G -g -O0 -std=c++11 -gencode arch=compute_35,code=sm_35 -gencode arch=compute_75,code=sm_75  -odir "src" -M -o "src/multiplication_test.d" "../src/multiplication_test.cu"
/usr/local/cuda-10.1/bin/nvcc -G -g -O0 -std=c++11 --compile --relocatable-device-code=false -gencode arch=compute_35,code=compute_35 -gencode arch=compute_35,code=sm_35 -gencode arch=compute_75,code=sm_75  -x cu -o  "src/multiplication_test.o" "../src/multiplication_test.cu"
Finished building: ../src/multiplication_test.cu
 
Building target: multiplication_test
Invoking: NVCC Linker
/usr/local/cuda-10.1/bin/nvcc --cudart static --relocatable-device-code=false -gencode arch=compute_35,code=compute_35 -gencode arch=compute_35,code=sm_35 -gencode arch=compute_75,code=sm_75 -link -o  "multiplication_test"  ./src/multiplication_test.o   
Finished building target: multiplication_test
 
22:17:17 **** Incremental Build of configuration Debug for project multiplication_test ****
make all 
Building file: ../src/multiplication_test.cu
Invoking: NVCC Compiler
/usr/local/cuda-10.1/bin/nvcc -G -g -O0 -std=c++11 -gencode arch=compute_35,code=sm_35 -gencode arch=compute_75,code=sm_75  -odir "src" -M -o "src/multiplication_test.d" "../src/multiplication_test.cu"
/usr/local/cuda-10.1/bin/nvcc -G -g -O0 -std=c++11 --compile --relocatable-device-code=false -gencode arch=compute_35,code=compute_35 -gencode arch=compute_35,code=sm_35 -gencode arch=compute_75,code=sm_75  -x cu -o  "src/multiplication_test.o" "../src/multiplication_test.cu"
Finished building: ../src/multiplication_test.cu
 
Building target: multiplication_test
Invoking: NVCC Linker
/usr/local/cuda-10.1/bin/nvcc --cudart static --relocatable-device-code=false -gencode arch=compute_35,code=compute_35 -gencode arch=compute_35,code=sm_35 -gencode arch=compute_75,code=sm_75 -link -o  "multiplication_test"  ./src/multiplication_test.o   
Finished building target: multiplication_test
 
