21:52:33 **** Incremental Build of configuration Debug for project multiplication_test ****
make all 
Building file: ../src/multiplication_test.cu
Invoking: NVCC Compiler
/usr/local/cuda-10.1/bin/nvcc -G -g -O0 -std=c++11 -gencode arch=compute_35,code=sm_35 -gencode arch=compute_75,code=sm_75  -odir "src" -M -o "src/multiplication_test.d" "../src/multiplication_test.cu"
/usr/local/cuda-10.1/bin/nvcc -G -g -O0 -std=c++11 --compile --relocatable-device-code=false -gencode arch=compute_35,code=compute_35 -gencode arch=compute_35,code=sm_35 -gencode arch=compute_75,code=sm_75  -x cu -o  "src/multiplication_test.o" "../src/multiplication_test.cu"
../src/multiplication_test.cu(133): error: expected a ";"

1 error detected in the compilation of "/tmp/tmpxft_0000214c_00000000-7_multiplication_test.compute_75.cpp1.ii".
make: *** [src/multiplication_test.o] Error 1

21:52:33 Build Finished (took 615ms)

